This is XeTeX, Version 3.14159265-2.6-0.99996 (MiKTeX 2.9 64-bit) (preloaded format=xelatex 2017.9.14)  21 OCT 2018 18:43
entering extended mode
**./data-analysis.tex
(data-analysis.tex
LaTeX2e <2016/03/31> patch level 3
Babel <3.9r> and hyphenation patterns for 75 language(s) loaded.
("C:\Program Files\MiKTeX 2.9\tex\latex\base\book.cls"
Document Class: book 2014/09/29 v1.4h Standard LaTeX document class
("C:\Program Files\MiKTeX 2.9\tex\latex\base\bk10.clo"
File: bk10.clo 2014/09/29 v1.4h Standard LaTeX file (size option)
)
\c@part=\count79
\c@chapter=\count80
\c@section=\count81
\c@subsection=\count82
\c@subsubsection=\count83
\c@paragraph=\count84
\c@subparagraph=\count85
\c@figure=\count86
\c@table=\count87
\abovecaptionskip=\skip41
\belowcaptionskip=\skip42
\bibindent=\dimen102
) ("C:\Program Files\MiKTeX 2.9\tex\latex\lm\lmodern.sty"
Package: lmodern 2009/10/30 v1.6 Latin Modern Fonts
LaTeX Font Info:    Overwriting symbol font `operators' in version `normal'
(Font)                  OT1/cmr/m/n --> OT1/lmr/m/n on input line 22.
LaTeX Font Info:    Overwriting symbol font `letters' in version `normal'
(Font)                  OML/cmm/m/it --> OML/lmm/m/it on input line 23.
LaTeX Font Info:    Overwriting symbol font `symbols' in version `normal'
(Font)                  OMS/cmsy/m/n --> OMS/lmsy/m/n on input line 24.
LaTeX Font Info:    Overwriting symbol font `largesymbols' in version `normal'
(Font)                  OMX/cmex/m/n --> OMX/lmex/m/n on input line 25.
LaTeX Font Info:    Overwriting symbol font `operators' in version `bold'
(Font)                  OT1/cmr/bx/n --> OT1/lmr/bx/n on input line 26.
LaTeX Font Info:    Overwriting symbol font `letters' in version `bold'
(Font)                  OML/cmm/b/it --> OML/lmm/b/it on input line 27.
LaTeX Font Info:    Overwriting symbol font `symbols' in version `bold'
(Font)                  OMS/cmsy/b/n --> OMS/lmsy/b/n on input line 28.
LaTeX Font Info:    Overwriting symbol font `largesymbols' in version `bold'
(Font)                  OMX/cmex/m/n --> OMX/lmex/m/n on input line 29.
LaTeX Font Info:    Overwriting math alphabet `\mathbf' in version `normal'
(Font)                  OT1/cmr/bx/n --> OT1/lmr/bx/n on input line 31.
LaTeX Font Info:    Overwriting math alphabet `\mathsf' in version `normal'
(Font)                  OT1/cmss/m/n --> OT1/lmss/m/n on input line 32.
LaTeX Font Info:    Overwriting math alphabet `\mathit' in version `normal'
(Font)                  OT1/cmr/m/it --> OT1/lmr/m/it on input line 33.
LaTeX Font Info:    Overwriting math alphabet `\mathtt' in version `normal'
(Font)                  OT1/cmtt/m/n --> OT1/lmtt/m/n on input line 34.
LaTeX Font Info:    Overwriting math alphabet `\mathbf' in version `bold'
(Font)                  OT1/cmr/bx/n --> OT1/lmr/bx/n on input line 35.
LaTeX Font Info:    Overwriting math alphabet `\mathsf' in version `bold'
(Font)                  OT1/cmss/bx/n --> OT1/lmss/bx/n on input line 36.
LaTeX Font Info:    Overwriting math alphabet `\mathit' in version `bold'
(Font)                  OT1/cmr/bx/it --> OT1/lmr/bx/it on input line 37.
LaTeX Font Info:    Overwriting math alphabet `\mathtt' in version `bold'
(Font)                  OT1/cmtt/m/n --> OT1/lmtt/m/n on input line 38.
) ("C:\Program Files\MiKTeX 2.9\tex\latex\amsfonts\amssymb.sty"
Package: amssymb 2013/01/14 v3.01 AMS font symbols
("C:\Program Files\MiKTeX 2.9\tex\latex\amsfonts\amsfonts.sty"
Package: amsfonts 2013/01/14 v3.01 Basic AMSFonts support
\@emptytoks=\toks14
\symAMSa=\mathgroup4
\symAMSb=\mathgroup5
LaTeX Font Info:    Overwriting math alphabet `\mathfrak' in version `bold'
(Font)                  U/euf/m/n --> U/euf/b/n on input line 106.
)) ("C:\Program Files\MiKTeX 2.9\tex\latex\amsmath\amsmath.sty"
Package: amsmath 2016/06/28 v2.15d AMS math features
\@mathmargin=\skip43
For additional information on amsmath, use the `?' option.
("C:\Program Files\MiKTeX 2.9\tex\latex\amsmath\amstext.sty"
Package: amstext 2000/06/29 v2.01 AMS text
("C:\Program Files\MiKTeX 2.9\tex\latex\amsmath\amsgen.sty"
File: amsgen.sty 1999/11/30 v2.0 generic functions
\@emptytoks=\toks15
\ex@=\dimen103
)) ("C:\Program Files\MiKTeX 2.9\tex\latex\amsmath\amsbsy.sty"
Package: amsbsy 1999/11/29 v1.2d Bold Symbols
\pmbraise@=\dimen104
) ("C:\Program Files\MiKTeX 2.9\tex\latex\amsmath\amsopn.sty"
Package: amsopn 2016/03/08 v2.02 operator names
)
\inf@bad=\count88
LaTeX Info: Redefining \frac on input line 199.
\uproot@=\count89
\leftroot@=\count90
LaTeX Info: Redefining \overline on input line 297.
\classnum@=\count91
\DOTSCASE@=\count92
LaTeX Info: Redefining \ldots on input line 394.
LaTeX Info: Redefining \dots on input line 397.
LaTeX Info: Redefining \cdots on input line 518.
\Mathstrutbox@=\box26
\strutbox@=\box27
\big@size=\dimen105
LaTeX Font Info:    Redeclaring font encoding OML on input line 634.
LaTeX Font Info:    Redeclaring font encoding OMS on input line 635.
\macc@depth=\count93
\c@MaxMatrixCols=\count94
\dotsspace@=\muskip10
\c@parentequation=\count95
\dspbrk@lvl=\count96
\tag@help=\toks16
\row@=\count97
\column@=\count98
\maxfields@=\count99
\andhelp@=\toks17
\eqnshift@=\dimen106
\alignsep@=\dimen107
\tagshift@=\dimen108
\tagwidth@=\dimen109
\totwidth@=\dimen110
\lineht@=\dimen111
\@envbody=\toks18
\multlinegap=\skip44
\multlinetaggap=\skip45
\mathdisplay@stack=\toks19
LaTeX Info: Redefining \[ on input line 2739.
LaTeX Info: Redefining \] on input line 2740.
) ("C:\Program Files\MiKTeX 2.9\tex\generic\ifxetex\ifxetex.sty"
Package: ifxetex 2010/09/12 v0.6 Provides ifxetex conditional
) ("C:\Program Files\MiKTeX 2.9\tex\generic\oberdiek\ifluatex.sty"
Package: ifluatex 2016/05/16 v1.4 Provides the ifluatex switch (HO)
Package ifluatex Info: LuaTeX not detected.
) ("C:\Program Files\MiKTeX 2.9\tex\latex\base\fixltx2e.sty"
Package: fixltx2e 2015/06/22 v2.0b fixes to LaTeX (obsolete)

Package fixltx2e Warning: fixltx2e is not required with releases after 2015
(fixltx2e)                All fixes are now in the LaTeX kernel.
(fixltx2e)                See the latexrelease package for details.

) ("C:\Program Files\MiKTeX 2.9\tex\xelatex\mathspec\mathspec.sty"
Package: mathspec 2009/09/30 v0.2 LaTeX Package (Mathematics font selection for
 XeLaTeX)
("C:\Program Files\MiKTeX 2.9\tex\latex\etoolbox\etoolbox.sty"
Package: etoolbox 2015/08/02 v2.2a e-TeX tools for LaTeX (JAW)
\etb@tempcnta=\count100
) ("C:\Program Files\MiKTeX 2.9\tex\latex\fontspec\fontspec.sty" ("C:\Program F
iles\MiKTeX 2.9\tex\latex\l3kernel\expl3.sty"
Package: expl3 2016/05/18 v6512 L3 programming layer (loader) 
("C:\Program Files\MiKTeX 2.9\tex\latex\l3kernel\expl3-code.tex"
Package: expl3 2016/05/18 v6512 L3 programming layer (code)
L3 Module: l3bootstrap 2016/02/12 v6412 L3 Bootstrap code
L3 Module: l3names 2016/03/11 v6433 L3 Namespace for primitives
L3 Module: l3basics 2015/11/22 v6315 L3 Basic definitions
L3 Module: l3expan 2015/09/10 v5983 L3 Argument expansion
L3 Module: l3tl 2016/03/26 v6465 L3 Token lists
L3 Module: l3str 2016/03/24 v6441 L3 Strings
L3 Module: l3seq 2015/08/05 v5777 L3 Sequences and stacks
L3 Module: l3int 2016/03/24 v6441 L3 Integers
\c_max_int=\count101
\l_tmpa_int=\count102
\l_tmpb_int=\count103
\g_tmpa_int=\count104
\g_tmpb_int=\count105
L3 Module: l3quark 2015/08/17 v5855 L3 Quarks
L3 Module: l3prg 2015/11/01 v6216 L3 Control structures
\g__prg_map_int=\count106
L3 Module: l3clist 2015/09/02 v5901 L3 Comma separated lists
L3 Module: l3token 2016/04/03 v6470 L3 Experimental token manipulation
L3 Module: l3prop 2016/01/05 v6366 L3 Property lists
L3 Module: l3msg 2016/03/26 v6464 L3 Messages
L3 Module: l3file 2016/03/25 v6458 L3 File and I/O operations
\l_iow_line_count_int=\count107
\l__iow_target_count_int=\count108
\l__iow_current_line_int=\count109
\l__iow_current_word_int=\count110
\l__iow_current_indentation_int=\count111
L3 Module: l3skip 2016/01/05 v6366 L3 Dimensions and skips
\c_zero_dim=\dimen112
\c_max_dim=\dimen113
\l_tmpa_dim=\dimen114
\l_tmpb_dim=\dimen115
\g_tmpa_dim=\dimen116
\g_tmpb_dim=\dimen117
\c_zero_skip=\skip46
\c_max_skip=\skip47
\l_tmpa_skip=\skip48
\l_tmpb_skip=\skip49
\g_tmpa_skip=\skip50
\g_tmpb_skip=\skip51
\c_zero_muskip=\muskip11
\c_max_muskip=\muskip12
\l_tmpa_muskip=\muskip13
\l_tmpb_muskip=\muskip14
\g_tmpa_muskip=\muskip15
\g_tmpb_muskip=\muskip16
L3 Module: l3keys 2015/11/17 v6284 L3 Key-value interfaces
\g__keyval_level_int=\count112
\l_keys_choice_int=\count113
L3 Module: l3fp 2016/03/26 v6465 L3 Floating points
\c__fp_leading_shift_int=\count114
\c__fp_middle_shift_int=\count115
\c__fp_trailing_shift_int=\count116
\c__fp_big_leading_shift_int=\count117
\c__fp_big_middle_shift_int=\count118
\c__fp_big_trailing_shift_int=\count119
\c__fp_Bigg_leading_shift_int=\count120
\c__fp_Bigg_middle_shift_int=\count121
\c__fp_Bigg_trailing_shift_int=\count122
L3 Module: l3box 2015/08/09 v5822 L3 Experimental boxes
\c_empty_box=\box28
\l_tmpa_box=\box29
\l_tmpb_box=\box30
\g_tmpa_box=\box31
\g_tmpb_box=\box32
L3 Module: l3coffins 2016/05/17 v6508 L3 Coffin code layer
\l__coffin_internal_box=\box33
\l__coffin_internal_dim=\dimen118
\l__coffin_offset_x_dim=\dimen119
\l__coffin_offset_y_dim=\dimen120
\l__coffin_x_dim=\dimen121
\l__coffin_y_dim=\dimen122
\l__coffin_x_prime_dim=\dimen123
\l__coffin_y_prime_dim=\dimen124
\c_empty_coffin=\box34
\l__coffin_aligned_coffin=\box35
\l__coffin_aligned_internal_coffin=\box36
\l_tmpa_coffin=\box37
\l_tmpb_coffin=\box38
\l__coffin_display_coffin=\box39
\l__coffin_display_coord_coffin=\box40
\l__coffin_display_pole_coffin=\box41
\l__coffin_display_offset_dim=\dimen125
\l__coffin_display_x_dim=\dimen126
\l__coffin_display_y_dim=\dimen127
L3 Module: l3color 2014/08/23 v5354 L3 Experimental color support
L3 Module: l3sys 2015/09/25 v6087 L3 Experimental system/runtime functions
L3 Module: l3candidates 2016/05/13 v6484 L3 Experimental additions to l3kernel
\l__box_top_dim=\dimen128
\l__box_bottom_dim=\dimen129
\l__box_left_dim=\dimen130
\l__box_right_dim=\dimen131
\l__box_top_new_dim=\dimen132
\l__box_bottom_new_dim=\dimen133
\l__box_left_new_dim=\dimen134
\l__box_right_new_dim=\dimen135
\l__box_internal_box=\box42
\l__coffin_bounding_shift_dim=\dimen136
\l__coffin_left_corner_dim=\dimen137
\l__coffin_right_corner_dim=\dimen138
\l__coffin_bottom_corner_dim=\dimen139
\l__coffin_top_corner_dim=\dimen140
\l__coffin_scaled_total_height_dim=\dimen141
\l__coffin_scaled_width_dim=\dimen142
L3 Module: l3luatex 2016/03/26 v6465 L3 Experimental LuaTeX-specific functions
) ("C:\Program Files\MiKTeX 2.9\tex\latex\l3kernel\l3xdvipdfmx.def"
File: l3xdvidpfmx.def 2016/03/26 v6465 L3 Experimental driver: xdvipdfmx
\l__driver_tmp_box=\box43
)) ("C:\Program Files\MiKTeX 2.9\tex\latex\l3packages\xparse\xparse.sty"
Package: xparse 2016/05/18 v6512 L3 Experimental document command parser
\l__xparse_current_arg_int=\count123
\l__xparse_m_args_int=\count124
\l__xparse_mandatory_args_int=\count125
\l__xparse_processor_int=\count126
\l__xparse_v_nesting_int=\count127
)
Package: fontspec 2016/02/01 v2.5a Font selection for XeLaTeX and LuaLaTeX
("C:\Program Files\MiKTeX 2.9\tex\latex\fontspec\fontspec-xetex.sty"
Package: fontspec-xetex 2016/02/01 v2.5a Font selection for XeLaTeX and LuaLaTe
X
\l_fontspec_script_int=\count128
\l_fontspec_language_int=\count129
\l_fontspec_strnum_int=\count130
\l__fontspec_tmpa_dim=\dimen143
\l__fontspec_tmpb_dim=\dimen144
\l__fontspec_tmpc_dim=\dimen145
\g__file_internal_ior=\read1
("C:\Program Files\MiKTeX 2.9\tex\latex\base\fontenc.sty"
Package: fontenc 2016/06/19 v1.99m Standard LaTeX package
("C:\Program Files\MiKTeX 2.9\tex\latex\euenc\eu1enc.def"
File: eu1enc.def 2010/05/27 v0.1h Experimental Unicode font encodings
)
LaTeX Font Info:    Try loading font information for EU1+lmr on input line 105.

("C:\Program Files\MiKTeX 2.9\tex\latex\euenc\eu1lmr.fd"
File: eu1lmr.fd 2009/10/30 v1.6 Font defs for Latin Modern
)) ("C:\Program Files\MiKTeX 2.9\tex\xelatex\xunicode\xunicode.sty"
File: xunicode.sty 2011/09/09 v0.981 provides access to latin accents and many 
other characters in Unicode lower plane
("C:\Program Files\MiKTeX 2.9\tex\latex\tipa\t3enc.def"
File: t3enc.def 2001/12/31 T3 encoding
LaTeX Font Info:    Try loading font information for EU1+lmss on input line 357
.
("C:\Program Files\MiKTeX 2.9\tex\latex\euenc\eu1lmss.fd"
File: eu1lmss.fd 2009/10/30 v1.6 Font defs for Latin Modern
))
\tipaTiiicode=\count131
\tipasavetokens=\toks20
\tipachecktokens=\toks21
("C:\Program Files\MiKTeX 2.9\tex\latex\graphics\graphicx.sty"
Package: graphicx 2014/10/28 v1.0g Enhanced LaTeX Graphics (DPC,SPQR)
("C:\Program Files\MiKTeX 2.9\tex\latex\graphics\keyval.sty"
Package: keyval 2014/10/28 v1.15 key=value parser (DPC)
\KV@toks@=\toks22
) ("C:\Program Files\MiKTeX 2.9\tex\latex\graphics\graphics.sty"
Package: graphics 2016/07/10 v1.0t Standard LaTeX Graphics (DPC,SPQR)
("C:\Program Files\MiKTeX 2.9\tex\latex\graphics\trig.sty"
Package: trig 2016/01/03 v1.10 sin cos tan (DPC)
) ("C:\Program Files\MiKTeX 2.9\tex\latex\00miktex\graphics.cfg"
File: graphics.cfg 2016/06/04 v1.11 sample graphics configuration
)
Package graphics Info: Driver file: xetex.def on input line 99.
("C:\Program Files\MiKTeX 2.9\tex\latex\graphics-def\xetex.def"
File: xetex.def 2016/07/11 v4.10 LaTeX color/graphics driver for XeTeX (L3/RRM/
JK)
))
\Gin@req@height=\dimen146
\Gin@req@width=\dimen147
))
.................................................
. LaTeX info: "xparse/define-command"
. 
. Defining command \__fontspec_post_arg:w with sig. 'mmO{}' on line 353.
.................................................
.................................................
. LaTeX info: "xparse/define-command"
. 
. Defining command \fontspec with sig. 'om' on line 355.
.................................................
.................................................
. LaTeX info: "xparse/define-command"
. 
. Defining command \setmainfont with sig. 'om' on line 365.
.................................................
.................................................
. LaTeX info: "xparse/define-command"
. 
. Defining command \setsansfont with sig. 'om' on line 375.
.................................................
.................................................
. LaTeX info: "xparse/define-command"
. 
. Defining command \setmonofont with sig. 'om' on line 385.
.................................................
.................................................
. LaTeX info: "xparse/define-command"
. 
. Defining command \setmathrm with sig. 'om' on line 399.
.................................................
.................................................
. LaTeX info: "xparse/define-command"
. 
. Defining command \setboldmathrm with sig. 'om' on line 407.
.................................................
.................................................
. LaTeX info: "xparse/define-command"
. 
. Defining command \setmathsf with sig. 'om' on line 415.
.................................................
.................................................
. LaTeX info: "xparse/define-command"
. 
. Defining command \setmathtt with sig. 'om' on line 423.
.................................................
.................................................
. LaTeX info: "xparse/define-command"
. 
. Defining command \newfontfamily with sig. 'mom' on line 437.
.................................................
.................................................
. LaTeX info: "xparse/define-command"
. 
. Defining command \newfontface with sig. 'mom' on line 453.
.................................................
.................................................
. LaTeX info: "xparse/define-command"
. 
. Defining command \defaultfontfeatures with sig. 't+om' on line 467.
.................................................
.................................................
. LaTeX info: "xparse/define-command"
. 
. Defining command \addfontfeatures with sig. 'm' on line 529.
.................................................
.................................................
. LaTeX info: "xparse/define-command"
. 
. Defining command \newfontfeature with sig. 'mm' on line 540.
.................................................
.................................................
. LaTeX info: "xparse/define-command"
. 
. Defining command \newAATfeature with sig. 'mmmm' on line 548.
.................................................
.................................................
. LaTeX info: "xparse/define-command"
. 
. Defining command \newopentypefeature with sig. 'mmm' on line 556.
.................................................
.................................................
. LaTeX info: "xparse/define-command"
. 
. Defining command \aliasfontfeature with sig. 'mm' on line 577.
.................................................
.................................................
. LaTeX info: "xparse/define-command"
. 
. Defining command \aliasfontfeatureoption with sig. 'mmm' on line 586.
.................................................
.................................................
. LaTeX info: "xparse/define-command"
. 
. Defining command \newfontscript with sig. 'mm' on line 590.
.................................................
.................................................
. LaTeX info: "xparse/define-command"
. 
. Defining command \newfontlanguage with sig. 'mm' on line 594.
.................................................
.................................................
. LaTeX info: "xparse/define-command"
. 
. Defining command \DeclareFontsExtensions with sig. 'm' on line 599.
.................................................
\l__fontspec_tmp_int=\count132
("C:\Program Files\MiKTeX 2.9\tex\latex\fontspec\fontspec.cfg")
LaTeX Info: Redefining \itshape on input line 2705.
LaTeX Info: Redefining \slshape on input line 2710.
LaTeX Info: Redefining \scshape on input line 2715.
LaTeX Info: Redefining \upshape on input line 2720.
\l__fontspec_em_int=\count133
\l__fontspec_emdef_int=\count134
LaTeX Info: Redefining \em on input line 2736.
LaTeX Info: Redefining \emph on input line 2742.
LaTeX Info: Redefining \- on input line 2746.
.................................................
. LaTeX info: "xparse/redefine-command"
. 
. Redefining command \oldstylenums with sig. 'm' on line 2841.
.................................................
.................................................
. LaTeX info: "xparse/define-command"
. 
. Defining command \liningnums with sig. 'm' on line 2845.
.................................................
)) ("C:\Program Files\MiKTeX 2.9\tex\latex\xkeyval\xkeyval.sty"
Package: xkeyval 2014/12/03 v2.7a package option processing (HA)
("C:\Program Files\MiKTeX 2.9\tex\generic\xkeyval\xkeyval.tex" ("C:\Program Fil
es\MiKTeX 2.9\tex\generic\xkeyval\xkvutils.tex"
\XKV@toks=\toks23
\XKV@tempa@toks=\toks24
)
\XKV@depth=\count135
File: xkeyval.tex 2014/12/03 v2.7a key=value parser (HA)
))
\c@eu@=\count136
\c@eu@i=\count137
\c@mkern=\count138
) ("C:\Program Files\MiKTeX 2.9\tex\latex\upquote\upquote.sty"
Package: upquote 2012/04/19 v1.3 upright-quote and grave-accent glyphs in verba
tim
("C:\Program Files\MiKTeX 2.9\tex\latex\base\textcomp.sty"
Package: textcomp 2016/06/19 v1.99m Standard LaTeX package
Package textcomp Info: Sub-encoding information:
(textcomp)               5 = only ISO-Adobe without \textcurrency
(textcomp)               4 = 5 + \texteuro
(textcomp)               3 = 4 + \textohm
(textcomp)               2 = 3 + \textestimated + \textcurrency
(textcomp)               1 = TS1 - \textcircled - \t
(textcomp)               0 = TS1 (full)
(textcomp)             Font families with sub-encoding setting implement
(textcomp)             only a restricted character set as indicated.
(textcomp)             Family '?' is the default used for unknown fonts.
(textcomp)             See the documentation for details.
Package textcomp Info: Setting ? sub-encoding to TS1/1 on input line 79.
("C:\Program Files\MiKTeX 2.9\tex\latex\base\ts1enc.def"
File: ts1enc.def 2001/06/05 v3.0e (jk/car/fm) Standard LaTeX file
)
LaTeX Info: Redefining \oldstylenums on input line 334.
Package textcomp Info: Setting cmr sub-encoding to TS1/0 on input line 349.
Package textcomp Info: Setting cmss sub-encoding to TS1/0 on input line 350.
Package textcomp Info: Setting cmtt sub-encoding to TS1/0 on input line 351.
Package textcomp Info: Setting cmvtt sub-encoding to TS1/0 on input line 352.
Package textcomp Info: Setting cmbr sub-encoding to TS1/0 on input line 353.
Package textcomp Info: Setting cmtl sub-encoding to TS1/0 on input line 354.
Package textcomp Info: Setting ccr sub-encoding to TS1/0 on input line 355.
Package textcomp Info: Setting ptm sub-encoding to TS1/4 on input line 356.
Package textcomp Info: Setting pcr sub-encoding to TS1/4 on input line 357.
Package textcomp Info: Setting phv sub-encoding to TS1/4 on input line 358.
Package textcomp Info: Setting ppl sub-encoding to TS1/3 on input line 359.
Package textcomp Info: Setting pag sub-encoding to TS1/4 on input line 360.
Package textcomp Info: Setting pbk sub-encoding to TS1/4 on input line 361.
Package textcomp Info: Setting pnc sub-encoding to TS1/4 on input line 362.
Package textcomp Info: Setting pzc sub-encoding to TS1/4 on input line 363.
Package textcomp Info: Setting bch sub-encoding to TS1/4 on input line 364.
Package textcomp Info: Setting put sub-encoding to TS1/5 on input line 365.
Package textcomp Info: Setting uag sub-encoding to TS1/5 on input line 366.
Package textcomp Info: Setting ugq sub-encoding to TS1/5 on input line 367.
Package textcomp Info: Setting ul8 sub-encoding to TS1/4 on input line 368.
Package textcomp Info: Setting ul9 sub-encoding to TS1/4 on input line 369.
Package textcomp Info: Setting augie sub-encoding to TS1/5 on input line 370.
Package textcomp Info: Setting dayrom sub-encoding to TS1/3 on input line 371.
Package textcomp Info: Setting dayroms sub-encoding to TS1/3 on input line 372.

Package textcomp Info: Setting pxr sub-encoding to TS1/0 on input line 373.
Package textcomp Info: Setting pxss sub-encoding to TS1/0 on input line 374.
Package textcomp Info: Setting pxtt sub-encoding to TS1/0 on input line 375.
Package textcomp Info: Setting txr sub-encoding to TS1/0 on input line 376.
Package textcomp Info: Setting txss sub-encoding to TS1/0 on input line 377.
Package textcomp Info: Setting txtt sub-encoding to TS1/0 on input line 378.
Package textcomp Info: Setting lmr sub-encoding to TS1/0 on input line 379.
Package textcomp Info: Setting lmdh sub-encoding to TS1/0 on input line 380.
Package textcomp Info: Setting lmss sub-encoding to TS1/0 on input line 381.
Package textcomp Info: Setting lmssq sub-encoding to TS1/0 on input line 382.
Package textcomp Info: Setting lmvtt sub-encoding to TS1/0 on input line 383.
Package textcomp Info: Setting lmtt sub-encoding to TS1/0 on input line 384.
Package textcomp Info: Setting qhv sub-encoding to TS1/0 on input line 385.
Package textcomp Info: Setting qag sub-encoding to TS1/0 on input line 386.
Package textcomp Info: Setting qbk sub-encoding to TS1/0 on input line 387.
Package textcomp Info: Setting qcr sub-encoding to TS1/0 on input line 388.
Package textcomp Info: Setting qcs sub-encoding to TS1/0 on input line 389.
Package textcomp Info: Setting qpl sub-encoding to TS1/0 on input line 390.
Package textcomp Info: Setting qtm sub-encoding to TS1/0 on input line 391.
Package textcomp Info: Setting qzc sub-encoding to TS1/0 on input line 392.
Package textcomp Info: Setting qhvc sub-encoding to TS1/0 on input line 393.
Package textcomp Info: Setting futs sub-encoding to TS1/4 on input line 394.
Package textcomp Info: Setting futx sub-encoding to TS1/4 on input line 395.
Package textcomp Info: Setting futj sub-encoding to TS1/4 on input line 396.
Package textcomp Info: Setting hlh sub-encoding to TS1/3 on input line 397.
Package textcomp Info: Setting hls sub-encoding to TS1/3 on input line 398.
Package textcomp Info: Setting hlst sub-encoding to TS1/3 on input line 399.
Package textcomp Info: Setting hlct sub-encoding to TS1/5 on input line 400.
Package textcomp Info: Setting hlx sub-encoding to TS1/5 on input line 401.
Package textcomp Info: Setting hlce sub-encoding to TS1/5 on input line 402.
Package textcomp Info: Setting hlcn sub-encoding to TS1/5 on input line 403.
Package textcomp Info: Setting hlcw sub-encoding to TS1/5 on input line 404.
Package textcomp Info: Setting hlcf sub-encoding to TS1/5 on input line 405.
Package textcomp Info: Setting pplx sub-encoding to TS1/3 on input line 406.
Package textcomp Info: Setting pplj sub-encoding to TS1/3 on input line 407.
Package textcomp Info: Setting ptmx sub-encoding to TS1/4 on input line 408.
Package textcomp Info: Setting ptmj sub-encoding to TS1/4 on input line 409.
)) ("C:\Program Files\MiKTeX 2.9\tex\latex\microtype\microtype.sty"
Package: microtype 2016/05/14 v2.6a Micro-typographical refinements (RS)
\MT@toks=\toks25
\MT@count=\count139
LaTeX Info: Redefining \textls on input line 774.
\MT@outer@kern=\dimen148
LaTeX Info: Redefining \textmicrotypecontext on input line 1310.
\MT@listname@count=\count140
("C:\Program Files\MiKTeX 2.9\tex\latex\microtype\microtype-xetex.def"
File: microtype-xetex.def 2016/05/14 v2.6a Definitions specific to xetex (RS)
LaTeX Info: Redefining \lsstyle on input line 255.
)
Package microtype Info: Loading configuration file microtype.cfg.
("C:\Program Files\MiKTeX 2.9\tex\latex\microtype\microtype.cfg"
File: microtype.cfg 2016/05/14 v2.6a microtype main configuration file (RS)
)) ("C:\Program Files\MiKTeX 2.9\tex\latex\geometry\geometry.sty"
Package: geometry 2010/09/12 v5.6 Page Geometry
("C:\Program Files\MiKTeX 2.9\tex\generic\oberdiek\ifpdf.sty"
Package: ifpdf 2016/05/14 v3.1 Provides the ifpdf switch
) ("C:\Program Files\MiKTeX 2.9\tex\generic\oberdiek\ifvtex.sty"
Package: ifvtex 2016/05/16 v1.6 Detect VTeX and its facilities (HO)
Package ifvtex Info: VTeX not detected.
)
\Gm@cnth=\count141
\Gm@cntv=\count142
\c@Gm@tempcnt=\count143
\Gm@bindingoffset=\dimen149
\Gm@wd@mp=\dimen150
\Gm@odd@mp=\dimen151
\Gm@even@mp=\dimen152
\Gm@layoutwidth=\dimen153
\Gm@layoutheight=\dimen154
\Gm@layouthoffset=\dimen155
\Gm@layoutvoffset=\dimen156
\Gm@dimlist=\toks26
("C:\Program Files\MiKTeX 2.9\tex\xelatex\xetexconfig\geometry.cfg")) ("C:\Prog
ram Files\MiKTeX 2.9\tex\latex\hyperref\hyperref.sty"
Package: hyperref 2016/06/24 v6.83q Hypertext links for LaTeX
("C:\Program Files\MiKTeX 2.9\tex\generic\oberdiek\hobsub-hyperref.sty"
Package: hobsub-hyperref 2016/05/16 v1.14 Bundle oberdiek, subset hyperref (HO)

("C:\Program Files\MiKTeX 2.9\tex\generic\oberdiek\hobsub-generic.sty"
Package: hobsub-generic 2016/05/16 v1.14 Bundle oberdiek, subset generic (HO)
Package: hobsub 2016/05/16 v1.14 Construct package bundles (HO)
Package: infwarerr 2016/05/16 v1.4 Providing info/warning/error messages (HO)
Package: ltxcmds 2016/05/16 v1.23 LaTeX kernel commands for general use (HO)
Package hobsub Info: Skipping package `ifluatex' (already loaded).
Package hobsub Info: Skipping package `ifvtex' (already loaded).
Package: intcalc 2016/05/16 v1.2 Expandable calculations with integers (HO)
Package hobsub Info: Skipping package `ifpdf' (already loaded).
Package: etexcmds 2016/05/16 v1.6 Avoid name clashes with e-TeX commands (HO)
Package etexcmds Info: Could not find \expanded.
(etexcmds)             That can mean that you are not using pdfTeX 1.50 or
(etexcmds)             that some package has redefined \expanded.
(etexcmds)             In the latter case, load this package earlier.
Package: kvsetkeys 2016/05/16 v1.17 Key value parser (HO)
Package: kvdefinekeys 2016/05/16 v1.4 Define keys (HO)
Package: pdftexcmds 2016/05/21 v0.22 Utility functions of pdfTeX for LuaTeX (HO
)
Package pdftexcmds Info: LuaTeX not detected.
Package pdftexcmds Info: pdfTeX >= 1.30 not detected.
Package pdftexcmds Info: \pdf@primitive is available.
Package pdftexcmds Info: \pdf@ifprimitive is available.
Package pdftexcmds Info: \pdfdraftmode not found.
Package: pdfescape 2016/05/16 v1.14 Implements pdfTeX's escape features (HO)
Package: bigintcalc 2016/05/16 v1.4 Expandable calculations on big integers (HO
)
Package: bitset 2016/05/16 v1.2 Handle bit-vector datatype (HO)
Package: uniquecounter 2016/05/16 v1.3 Provide unlimited unique counter (HO)
)
Package hobsub Info: Skipping package `hobsub' (already loaded).
Package: letltxmacro 2016/05/16 v1.5 Let assignment for LaTeX macros (HO)
Package: hopatch 2016/05/16 v1.3 Wrapper for package hooks (HO)
Package: xcolor-patch 2016/05/16 xcolor patch
Package: atveryend 2016/05/16 v1.9 Hooks at the very end of document (HO)
Package: atbegshi 2016/06/09 v1.18 At begin shipout hook (HO)
Package: refcount 2016/05/16 v3.5 Data extraction from label references (HO)
Package: hycolor 2016/05/16 v1.8 Color options for hyperref/bookmark (HO)
) ("C:\Program Files\MiKTeX 2.9\tex\latex\oberdiek\auxhook.sty"
Package: auxhook 2016/05/16 v1.4 Hooks for auxiliary files (HO)
) ("C:\Program Files\MiKTeX 2.9\tex\latex\oberdiek\kvoptions.sty"
Package: kvoptions 2016/05/16 v3.12 Key value format for package options (HO)
)
\@linkdim=\dimen157
\Hy@linkcounter=\count144
\Hy@pagecounter=\count145
("C:\Program Files\MiKTeX 2.9\tex\latex\hyperref\pd1enc.def"
File: pd1enc.def 2016/06/24 v6.83q Hyperref: PDFDocEncoding definition (HO)
)
\Hy@SavedSpaceFactor=\count146
("C:\Program Files\MiKTeX 2.9\tex\latex\00miktex\hyperref.cfg"
File: hyperref.cfg 2002/06/06 v1.2 hyperref configuration of TeXLive
)
Package hyperref Info: Hyper figures OFF on input line 4486.
Package hyperref Info: Link nesting OFF on input line 4491.
Package hyperref Info: Hyper index ON on input line 4494.
Package hyperref Info: Plain pages OFF on input line 4501.
Package hyperref Info: Backreferencing OFF on input line 4506.
Package hyperref Info: Implicit mode ON; LaTeX internals redefined.
Package hyperref Info: Bookmarks ON on input line 4735.
\c@Hy@tempcnt=\count147
("C:\Program Files\MiKTeX 2.9\tex\latex\url\url.sty"
\Urlmuskip=\muskip17
Package: url 2013/09/16  ver 3.4  Verb mode for urls, etc.
)
LaTeX Info: Redefining \url on input line 5088.
\XeTeXLinkMargin=\dimen158
\Fld@menulength=\count148
\Field@Width=\dimen159
\Fld@charsize=\dimen160
Package hyperref Info: Hyper figures OFF on input line 6342.
Package hyperref Info: Link nesting OFF on input line 6347.
Package hyperref Info: Hyper index ON on input line 6350.
Package hyperref Info: backreferencing OFF on input line 6357.
Package hyperref Info: Link coloring OFF on input line 6362.
Package hyperref Info: Link coloring with OCG OFF on input line 6367.
Package hyperref Info: PDF/A mode OFF on input line 6372.
LaTeX Info: Redefining \ref on input line 6412.
LaTeX Info: Redefining \pageref on input line 6416.
\Hy@abspage=\count149
\c@Item=\count150
\c@Hfootnote=\count151
)

Package hyperref Message: Driver (autodetected): hxetex.

("C:\Program Files\MiKTeX 2.9\tex\latex\hyperref\hxetex.def"
File: hxetex.def 2016/06/24 v6.83q Hyperref driver for XeTeX
("C:\Program Files\MiKTeX 2.9\tex\latex\hyperref\puenc.def"
File: puenc.def 2016/06/24 v6.83q Hyperref: PDF Unicode definition (HO)
) ("C:\Program Files\MiKTeX 2.9\tex\generic\oberdiek\stringenc.sty"
Package: stringenc 2016/05/16 v1.11 Convert strings between diff. encodings (HO
)
)
\pdfm@box=\box44
\c@Hy@AnnotLevel=\count152
\HyField@AnnotCount=\count153
\Fld@listcount=\count154
\c@bookmark@seq@number=\count155
("C:\Program Files\MiKTeX 2.9\tex\latex\oberdiek\rerunfilecheck.sty"
Package: rerunfilecheck 2016/05/16 v1.8 Rerun checks for auxiliary files (HO)
Package rerunfilecheck Info: Feature \pdfmdfivesum is not available
(rerunfilecheck)             (e.g. pdfTeX or LuaTeX with package `pdftexcmds').

(rerunfilecheck)             Therefore file contents cannot be checked efficien
tly
(rerunfilecheck)             and the loading of the package is aborted.
)
\Hy@SectionHShift=\skip52
)
Package hyperref Info: Option `unicode' set `true' on input line 30.
("C:\Program Files\MiKTeX 2.9\tex\generic\oberdiek\se-ascii-print.def"
File: se-ascii-print.def 2016/05/16 v1.11 stringenc: Printable ASCII characters

)
Package hyperref Info: Option `breaklinks' set `true' on input line 30.
("C:\Program Files\MiKTeX 2.9\tex\latex\natbib\natbib.sty"
Package: natbib 2010/09/13 8.31b (PWD, AO)
\bibhang=\skip53
\bibsep=\skip54
LaTeX Info: Redefining \cite on input line 694.
\c@NAT@ctr=\count156
) ("C:\Program Files\MiKTeX 2.9\tex\latex\graphics\color.sty"
Package: color 2016/07/10 v1.1e Standard LaTeX Color (DPC)
("C:\Program Files\MiKTeX 2.9\tex\latex\00miktex\color.cfg"
File: color.cfg 2016/01/02 v1.6 sample color configuration
)
Package color Info: Driver file: xetex.def on input line 147.
) ("C:\Program Files\MiKTeX 2.9\tex\latex\fancyvrb\fancyvrb.sty"
Package: fancyvrb 2008/02/07

Style option: `fancyvrb' v2.7a, with DG/SPQR fixes, and firstline=lastline fix 
<2008/02/07> (tvz)
\FV@CodeLineNo=\count157
\FV@InFile=\read2
\FV@TabBox=\box45
\c@FancyVerbLine=\count158
\FV@StepNumber=\count159
\FV@OutFile=\write3
) ("C:\Program Files\MiKTeX 2.9\tex\latex\framed\framed.sty"
Package: framed 2011/10/22 v 0.96: framed or shaded text with page breaks
\OuterFrameSep=\skip55
\fb@frw=\dimen161
\fb@frh=\dimen162
\FrameRule=\dimen163
\FrameSep=\dimen164
) ("C:\Program Files\MiKTeX 2.9\tex\latex\tools\longtable.sty"
Package: longtable 2014/10/28 v4.11 Multi-page Table package (DPC)
\LTleft=\skip56
\LTright=\skip57
\LTpre=\skip58
\LTpost=\skip59
\LTchunksize=\count160
\LTcapwidth=\dimen165
\LT@head=\box46
\LT@firsthead=\box47
\LT@foot=\box48
\LT@lastfoot=\box49
\LT@cols=\count161
\LT@rows=\count162
\c@LT@tables=\count163
\c@LT@chunks=\count164
\LT@p@ftn=\toks27
) ("C:\Program Files\MiKTeX 2.9\tex\latex\booktabs\booktabs.sty"
Package: booktabs 2005/04/14 v1.61803 publication quality tables
\heavyrulewidth=\dimen166
\lightrulewidth=\dimen167
\cmidrulewidth=\dimen168
\belowrulesep=\dimen169
\belowbottomsep=\dimen170
\aboverulesep=\dimen171
\abovetopsep=\dimen172
\cmidrulesep=\dimen173
\cmidrulekern=\dimen174
\defaultaddspace=\dimen175
\@cmidla=\count165
\@cmidlb=\count166
\@aboverulesep=\dimen176
\@belowrulesep=\dimen177
\@thisruleclass=\count167
\@lastruleclass=\count168
\@thisrulewidth=\dimen178
) ("C:\Program Files\MiKTeX 2.9\tex\latex\oberdiek\grffile.sty"
Package: grffile 2016/05/16 v1.17 Extended file name support for graphics (HO)
Package grffile Info: \Gread@QTm patched on input line 253.
Package grffile Info: \Gread@eps patched on input line 303.
Package grffile Info: Option `multidot' is set to `true'.
Package grffile Info: Option `extendedchars' is set to `false'.
Package grffile Info: Option `space' is set to `true'.
Package grffile Info: \Gin@ii of package `graphicx' fixed on input line 486.
) ("C:\Program Files\MiKTeX 2.9\tex\latex\ltxmisc\parskip.sty"
Package: parskip 2001/04/09 non-zero parskip adjustments
) ("C:\Program Files\MiKTeX 2.9\tex\latex\titling\titling.sty"
Package: titling 2009/09/04 v2.1d maketitle typesetting
\thanksmarkwidth=\skip60
\thanksmargin=\skip61
\droptitle=\skip62
)
No file data-analysis.aux.
\openout1 = `data-analysis.aux'.

LaTeX Font Info:    Checking defaults for OML/cmm/m/it on input line 133.
LaTeX Font Info:    ... okay on input line 133.
LaTeX Font Info:    Checking defaults for T1/cmr/m/n on input line 133.
LaTeX Font Info:    ... okay on input line 133.
LaTeX Font Info:    Checking defaults for OT1/cmr/m/n on input line 133.
LaTeX Font Info:    ... okay on input line 133.
LaTeX Font Info:    Checking defaults for OMS/cmsy/m/n on input line 133.
LaTeX Font Info:    ... okay on input line 133.
LaTeX Font Info:    Checking defaults for OMX/cmex/m/n on input line 133.
LaTeX Font Info:    ... okay on input line 133.
LaTeX Font Info:    Checking defaults for U/cmr/m/n on input line 133.
LaTeX Font Info:    ... okay on input line 133.
LaTeX Font Info:    Checking defaults for EU1/lmr/m/n on input line 133.
LaTeX Font Info:    ... okay on input line 133.
LaTeX Font Info:    Checking defaults for T3/cmr/m/n on input line 133.
LaTeX Font Info:    Try loading font information for T3+cmr on input line 133.
("C:\Program Files\MiKTeX 2.9\tex\latex\tipa\t3cmr.fd"
File: t3cmr.fd 2001/12/31 TIPA font definitions
)
LaTeX Font Info:    ... okay on input line 133.
LaTeX Font Info:    Checking defaults for TS1/cmr/m/n on input line 133.
LaTeX Font Info:    Try loading font information for TS1+cmr on input line 133.

("C:\Program Files\MiKTeX 2.9\tex\latex\base\ts1cmr.fd"
File: ts1cmr.fd 2014/09/29 v2.5h Standard LaTeX font definitions
)
LaTeX Font Info:    ... okay on input line 133.
LaTeX Font Info:    Checking defaults for PD1/pdf/m/n on input line 133.
LaTeX Font Info:    ... okay on input line 133.
LaTeX Font Info:    Checking defaults for PU/pdf/m/n on input line 133.
LaTeX Font Info:    ... okay on input line 133.
LaTeX Info: Redefining \microtypecontext on input line 133.
Package microtype Info: Character protrusion enabled (level 2).
Package microtype Info: Using protrusion set `basicmath'.
Package microtype Info: No adjustment of tracking.
Package microtype Info: No adjustment of spacing.
Package microtype Info: No adjustment of kerning.
("C:\Program Files\MiKTeX 2.9\tex\latex\microtype\mt-LatinModernRoman.cfg"
File: mt-LatinModernRoman.cfg 2013/03/13 v1.0 microtype config. file: Latin Mod
ern Roman (RS)
)
*geometry* detected driver: pdftex
*geometry* verbose mode - [ preamble ] result:
* driver: pdftex
* paper: <default>
* layout: <same size as paper>
* layoutoffset:(h,v)=(0.0pt,0.0pt)
* modes: twoside 
* h-part:(L,W,R)=(72.26999pt, 469.75502pt, 72.26999pt)
* v-part:(T,H,B)=(72.26999pt, 650.43001pt, 72.26999pt)
* \paperwidth=614.295pt
* \paperheight=794.96999pt
* \textwidth=469.75502pt
* \textheight=650.43001pt
* \oddsidemargin=0.0pt
* \evensidemargin=0.0pt
* \topmargin=-30.06749pt
* \headheight=12.0pt
* \headsep=18.06749pt
* \topskip=10.0pt
* \footskip=25.29494pt
* \marginparwidth=125.0pt
* \marginparsep=7.0pt
* \columnsep=10.0pt
* \skip\footins=9.0pt plus 4.0pt minus 2.0pt
* \hoffset=0.0pt
* \voffset=0.0pt
* \mag=1000
* \@twocolumnfalse
* \@twosidetrue
* \@mparswitchtrue
* \@reversemarginfalse
* (1in=72.27pt=25.4mm, 1cm=28.453pt)

\AtBeginShipoutBox=\box50
Package hyperref Info: Link coloring OFF on input line 133.
("C:\Program Files\MiKTeX 2.9\tex\latex\hyperref\nameref.sty"
Package: nameref 2016/05/21 v2.44 Cross-referencing by name of section
("C:\Program Files\MiKTeX 2.9\tex\generic\oberdiek\gettitlestring.sty"
Package: gettitlestring 2016/05/16 v1.5 Cleanup title references (HO)
)
\c@section@level=\count169
)
LaTeX Info: Redefining \ref on input line 133.
LaTeX Info: Redefining \pageref on input line 133.
LaTeX Info: Redefining \nameref on input line 133.
\@outlinefile=\write4
\openout4 = `data-analysis.out'.


Package hyperref Warning: Rerun to get /PageLabels entry.

Missing character: There is no 语 in font [lmroman17-regular]:mapping=tex-text!
Missing character: There is no 言 in font [lmroman17-regular]:mapping=tex-text!
Missing character: There is no 玩 in font [lmroman17-regular]:mapping=tex-text!
Missing character: There is no 转 in font [lmroman17-regular]:mapping=tex-text!
Missing character: There is no 金 in font [lmroman17-regular]:mapping=tex-text!
Missing character: There is no 融 in font [lmroman17-regular]:mapping=tex-text!
Missing character: There is no 与 in font [lmroman17-regular]:mapping=tex-text!
Missing character: There is no 体 in font [lmroman17-regular]:mapping=tex-text!
Missing character: There is no 彩 in font [lmroman17-regular]:mapping=tex-text!
Missing character: There is no 数 in font [lmroman17-regular]:mapping=tex-text!
Missing character: There is no 据 in font [lmroman17-regular]:mapping=tex-text!
Missing character: There is no 分 in font [lmroman17-regular]:mapping=tex-text!
Missing character: There is no 析 in font [lmroman17-regular]:mapping=tex-text!
Missing character: There is no 语 in font [lmroman12-regular]:mapping=tex-text!
Missing character: There is no 言 in font [lmroman12-regular]:mapping=tex-text!
Missing character: There is no 量 in font [lmroman12-regular]:mapping=tex-text!
Missing character: There is no 化 in font [lmroman12-regular]:mapping=tex-text!
Missing character: There is no 交 in font [lmroman12-regular]:mapping=tex-text!
Missing character: There is no 易 in font [lmroman12-regular]:mapping=tex-text!
Missing character: There is no γ in font [lmroman12-italic]:mapping=tex-text!
Missing character: There is no σ in font [lmroman12-italic]:mapping=tex-text!
Missing character: There is no 黄 in font [lmroman12-italic]:mapping=tex-text!
Missing character: There is no 联 in font [lmroman12-italic]:mapping=tex-text!
Missing character: There is no 富 in font [lmroman12-italic]:mapping=tex-text!
[1


] [2

]
\tf@toc=\write5
\openout5 = `data-analysis.toc'.

[3] [4

]
Chapter 1.
Missing character: There is no 前 in font [lmroman12-bold]:mapping=tex-text!
Missing character: There is no 言 in font [lmroman12-bold]:mapping=tex-text!
Missing character: There is no 为 in font [lmroman10-bold]:mapping=tex-text!
Missing character: There is no 何 in font [lmroman10-bold]:mapping=tex-text!
Missing character: There is no 辑 in font [lmroman10-bold]:mapping=tex-text!
Missing character: There is no 写 in font [lmroman10-bold]:mapping=tex-text!
Missing character: There is no 此 in font [lmroman10-bold]:mapping=tex-text!
Missing character: There is no 书 in font [lmroman10-bold]:mapping=tex-text!
Missing character: There is no 本 in font [lmroman10-regular]:mapping=tex-text!
Missing character: There is no 书 in font [lmroman10-regular]:mapping=tex-text!
Missing character: There is no 是 in font [lmroman10-regular]:mapping=tex-text!
Missing character: There is no 在 in font [lmroman10-regular]:mapping=tex-text!
Missing character: There is no 下 in font [lmroman10-regular]:mapping=tex-text!
Missing character: There is no 首 in font [lmroman10-regular]:mapping=tex-text!
Missing character: There is no 次 in font [lmroman10-regular]:mapping=tex-text!
Missing character: There is no 辑 in font [lmroman10-regular]:mapping=tex-text!
Missing character: There is no 写 in font [lmroman10-regular]:mapping=tex-text!
Missing character: There is no 参 in font [lmroman10-regular]:mapping=tex-text!
Missing character: There is no 考 in font [lmroman10-regular]:mapping=tex-text!
Missing character: There is no 书 in font [lmroman10-regular]:mapping=tex-text!
Missing character: There is no （ in font [lmroman10-regular]:mapping=tex-text!
Missing character: There is no 纯 in font [lmroman10-regular]:mapping=tex-text!
Missing character: There is no 属 in font [lmroman10-regular]:mapping=tex-text!
Missing character: There is no 个 in font [lmroman10-regular]:mapping=tex-text!
Missing character: There is no 人 in font [lmroman10-regular]:mapping=tex-text!
Missing character: There is no 经 in font [lmroman10-regular]:mapping=tex-text!
Missing character: There is no 验 in font [lmroman10-regular]:mapping=tex-text!
Missing character: There is no 分 in font [lmroman10-regular]:mapping=tex-text!
Missing character: There is no 享 in font [lmroman10-regular]:mapping=tex-text!
Missing character: There is no 与 in font [lmroman10-regular]:mapping=tex-text!
Missing character: There is no 心 in font [lmroman10-regular]:mapping=tex-text!
Missing character: There is no 得 in font [lmroman10-regular]:mapping=tex-text!
Missing character: There is no ） in font [lmroman10-regular]:mapping=tex-text!
Missing character: There is no ， in font [lmroman10-regular]:mapping=tex-text!
Missing character: There is no 此 in font [lmroman10-regular]:mapping=tex-text!
Missing character: There is no 前 in font [lmroman10-regular]:mapping=tex-text!
Missing character: There is no 分 in font [lmroman10-regular]:mapping=tex-text!
Missing character: There is no 享 in font [lmroman10-regular]:mapping=tex-text!
Missing character: There is no 了 in font [lmroman10-regular]:mapping=tex-text!
Missing character: There is no 如 in font [lmroman10-bold]:mapping=tex-text!
Missing character: There is no 何 in font [lmroman10-bold]:mapping=tex-text!
Missing character: There is no 安 in font [lmroman10-bold]:mapping=tex-text!
Missing character: There is no 装 in font [lmroman10-bold]:mapping=tex-text!
Missing character: There is no 服 in font [lmroman10-bold]:mapping=tex-text!
Missing character: There is no 务 in font [lmroman10-bold]:mapping=tex-text!
Missing character: There is no 器 in font [lmroman10-bold]:mapping=tex-text!
Missing character: There is no 与 in font [lmroman10-bold]:mapping=tex-text!
Missing character: There is no 服 in font [lmroman10-bold]:mapping=tex-text!
Missing character: There is no 务 in font [lmroman10-bold]:mapping=tex-text!
Missing character: There is no 器 in font [lmroman10-bold]:mapping=tex-text!
LaTeX Font Info:    Try loading font information for OT1+lmr on input line 144.

("C:\Program Files\MiKTeX 2.9\tex\latex\lm\ot1lmr.fd"
File: ot1lmr.fd 2009/10/30 v1.6 Font defs for Latin Modern
)
Package microtype Info: Loading generic settings for font family
(microtype)             `lmr' (encoding: OT1).
(microtype)             For optimal results, create family-specific settings.
(microtype)             See the microtype manual for details.
LaTeX Font Info:    Try loading font information for OML+lmm on input line 144.

("C:\Program Files\MiKTeX 2.9\tex\latex\lm\omllmm.fd"
File: omllmm.fd 2009/10/30 v1.6 Font defs for Latin Modern
)
LaTeX Font Info:    Try loading font information for OMS+lmsy on input line 144
.
("C:\Program Files\MiKTeX 2.9\tex\latex\lm\omslmsy.fd"
File: omslmsy.fd 2009/10/30 v1.6 Font defs for Latin Modern
)
LaTeX Font Info:    Try loading font information for OMX+lmex on input line 144
.
("C:\Program Files\MiKTeX 2.9\tex\latex\lm\omxlmex.fd"
File: omxlmex.fd 2009/10/30 v1.6 Font defs for Latin Modern
)
LaTeX Font Info:    External font `lmex10' loaded for size
(Font)              <10> on input line 144.
LaTeX Font Info:    External font `lmex10' loaded for size
(Font)              <7> on input line 144.
LaTeX Font Info:    External font `lmex10' loaded for size
(Font)              <5> on input line 144.
LaTeX Font Info:    Try loading font information for U+msa on input line 144.
("C:\Program Files\MiKTeX 2.9\tex\latex\amsfonts\umsa.fd"
File: umsa.fd 2013/01/14 v3.01 AMS symbols A
) ("C:\Program Files\MiKTeX 2.9\tex\latex\microtype\mt-msa.cfg"
File: mt-msa.cfg 2006/02/04 v1.1 microtype config. file: AMS symbols (a) (RS)
)
LaTeX Font Info:    Try loading font information for U+msb on input line 144.
("C:\Program Files\MiKTeX 2.9\tex\latex\amsfonts\umsb.fd"
File: umsb.fd 2013/01/14 v3.01 AMS symbols B
) ("C:\Program Files\MiKTeX 2.9\tex\latex\microtype\mt-msb.cfg"
File: mt-msb.cfg 2005/06/01 v1.0 microtype config. file: AMS symbols (b) (RS)
)
LaTeX Font Info:    External font `lmex10' loaded for size
(Font)              <8> on input line 145.
LaTeX Font Info:    External font `lmex10' loaded for size
(Font)              <6> on input line 145.
Missing character: There is no 安 in font [lmroman8-regular]:mapping=tex-text!
Missing character: There is no 装 in font [lmroman8-regular]:mapping=tex-text!
Missing character: There is no と in font [lmroman8-regular]:mapping=tex-text!
Missing character: There is no 服 in font [lmroman8-regular]:mapping=tex-text!
Missing character: There is no 务 in font [lmroman8-regular]:mapping=tex-text!
Missing character: There is no 器 in font [lmroman8-regular]:mapping=tex-text!
Missing character: There is no ： in font [lmroman10-regular]:mapping=tex-text!
Missing character: There is no 为 in font [lmroman10-regular]:mapping=tex-text!
Missing character: There is no 数 in font [lmroman10-regular]:mapping=tex-text!
Missing character: There is no 据 in font [lmroman10-regular]:mapping=tex-text!
Missing character: There is no 科 in font [lmroman10-regular]:mapping=tex-text!
Missing character: There is no 学 in font [lmroman10-regular]:mapping=tex-text!
Missing character: There is no 家 in font [lmroman10-regular]:mapping=tex-text!
Missing character: There is no 们 in font [lmroman10-regular]:mapping=tex-text!
Missing character: There is no 量 in font [lmroman10-regular]:mapping=tex-text!
Missing character: There is no 身 in font [lmroman10-regular]:mapping=tex-text!
Missing character: There is no 定 in font [lmroman10-regular]:mapping=tex-text!
Missing character: There is no 做 in font [lmroman10-regular]:mapping=tex-text!
Missing character: There is no の in font [lmroman10-regular]:mapping=tex-text!
Missing character: There is no 专 in font [lmroman10-regular]:mapping=tex-text!
Missing character: There is no 业 in font [lmroman10-regular]:mapping=tex-text!
Missing character: There is no 统 in font [lmroman10-regular]:mapping=tex-text!
Missing character: There is no 计 in font [lmroman10-regular]:mapping=tex-text!
Missing character: There is no 软 in font [lmroman10-regular]:mapping=tex-text!
Missing character: There is no 件 in font [lmroman10-regular]:mapping=tex-text!
Missing character: There is no 服 in font [lmroman10-regular]:mapping=tex-text!
Missing character: There is no 务 in font [lmroman10-regular]:mapping=tex-text!
Missing character: There is no 器 in font [lmroman10-regular]:mapping=tex-text!
Missing character: There is no 为 in font [lmroman10-regular]:mapping=tex-text!
Missing character: There is no 数 in font [lmroman10-regular]:mapping=tex-text!
Missing character: There is no 据 in font [lmroman10-regular]:mapping=tex-text!
Missing character: There is no 科 in font [lmroman10-regular]:mapping=tex-text!
Missing character: There is no 学 in font [lmroman10-regular]:mapping=tex-text!
Missing character: There is no 家 in font [lmroman10-regular]:mapping=tex-text!
Missing character: There is no 们 in font [lmroman10-regular]:mapping=tex-text!
Missing character: There is no 量 in font [lmroman10-regular]:mapping=tex-text!
Missing character: There is no 身 in font [lmroman10-regular]:mapping=tex-text!
Missing character: There is no 定 in font [lmroman10-regular]:mapping=tex-text!
Missing character: There is no 做 in font [lmroman10-regular]:mapping=tex-text!
Missing character: There is no の in font [lmroman10-regular]:mapping=tex-text!
Missing character: There is no 专 in font [lmroman10-regular]:mapping=tex-text!
Missing character: There is no 业 in font [lmroman10-regular]:mapping=tex-text!
Missing character: There is no 统 in font [lmroman10-regular]:mapping=tex-text!
Missing character: There is no 计 in font [lmroman10-regular]:mapping=tex-text!
Missing character: There is no 软 in font [lmroman10-regular]:mapping=tex-text!
Missing character: There is no 件 in font [lmroman10-regular]:mapping=tex-text!
Missing character: There is no 服 in font [lmroman10-regular]:mapping=tex-text!
Missing character: There is no 务 in font [lmroman10-regular]:mapping=tex-text!
Missing character: There is no 器 in font [lmroman10-regular]:mapping=tex-text!
Missing character: There is no （ in font [lmroman10-regular]:mapping=tex-text!
Missing character: There is no 演 in font [lmroman10-regular]:mapping=tex-text!
Missing character: There is no 示 in font [lmroman10-regular]:mapping=tex-text!
Missing character: There is no 文 in font [lmroman10-regular]:mapping=tex-text!
Missing character: There is no 稿 in font [lmroman10-regular]:mapping=tex-text!
Missing character: There is no ） in font [lmroman10-regular]:mapping=tex-text!
Missing character: There is no 在 in font [lmroman10-regular]:mapping=tex-text!
Missing character: There is no 下 in font [lmroman10-regular]:mapping=tex-text!
Missing character: There is no 来 in font [lmroman10-regular]:mapping=tex-text!
Missing character: There is no 自 in font [lmroman10-regular]:mapping=tex-text!
Missing character: There is no 于 in font [lmroman10-regular]:mapping=tex-text!
Missing character: There is no 马 in font [lmroman10-regular]:mapping=tex-text!
Missing character: There is no 来 in font [lmroman10-regular]:mapping=tex-text!
Missing character: There is no 西 in font [lmroman10-regular]:mapping=tex-text!
Missing character: There is no 亚 in font [lmroman10-regular]:mapping=tex-text!
Missing character: There is no 个 in font [lmroman8-regular]:mapping=tex-text!
Missing character: There is no 人 in font [lmroman8-regular]:mapping=tex-text!
Missing character: There is no 简 in font [lmroman8-regular]:mapping=tex-text!
Missing character: There is no 历 in font [lmroman8-regular]:mapping=tex-text!
Missing character: There is no 请 in font [lmroman8-regular]:mapping=tex-text!
Missing character: There is no 查 in font [lmroman8-regular]:mapping=tex-text!
Missing character: There is no 阅 in font [lmroman8-regular]:mapping=tex-text!
Missing character: There is no ： in font [lmroman8-regular]:mapping=tex-text!
Missing character: There is no γ in font [lmroman8-regular]:mapping=tex-text!
Missing character: There is no σ in font [lmroman8-regular]:mapping=tex-text!
Missing character: There is no ， in font [lmroman10-regular]:mapping=tex-text!
Missing character: There is no 自 in font [lmroman10-regular]:mapping=tex-text!
Missing character: There is no 年 in font [lmroman10-regular]:mapping=tex-text!
Missing character: There is no 入 in font [lmroman10-regular]:mapping=tex-text!
Missing character: There is no 行 in font [lmroman10-regular]:mapping=tex-text!
Missing character: There is no 体 in font [lmroman10-regular]:mapping=tex-text!
Missing character: There is no 彩 in font [lmroman10-regular]:mapping=tex-text!
Missing character: There is no 交 in font [lmroman10-regular]:mapping=tex-text!
Missing character: There is no 易 in font [lmroman10-regular]:mapping=tex-text!
Missing character: There is no 就 in font [lmroman10-regular]:mapping=tex-text!
Missing character: There is no 学 in font [lmroman10-regular]:mapping=tex-text!
Missing character: There is no 习 in font [lmroman10-regular]:mapping=tex-text!
Missing character: There is no 电 in font [lmroman10-regular]:mapping=tex-text!
Missing character: There is no 子 in font [lmroman10-regular]:mapping=tex-text!
Missing character: There is no 表 in font [lmroman10-regular]:mapping=tex-text!
Missing character: There is no 格 in font [lmroman10-regular]:mapping=tex-text!
Missing character: There is no ， in font [lmroman10-regular]:mapping=tex-text!
Missing character: There is no 而 in font [lmroman10-regular]:mapping=tex-text!
Missing character: There is no 年 in font [lmroman10-regular]:mapping=tex-text!
Missing character: There is no 加 in font [lmroman10-regular]:mapping=tex-text!
Missing character: There is no 入 in font [lmroman10-regular]:mapping=tex-text!
Missing character: There is no 后 in font [lmroman10-regular]:mapping=tex-text!
Missing character: There is no 开 in font [lmroman10-regular]:mapping=tex-text!
Missing character: There is no 始 in font [lmroman10-regular]:mapping=tex-text!
Missing character: There is no 接 in font [lmroman10-regular]:mapping=tex-text!
Missing character: There is no 触 in font [lmroman10-regular]:mapping=tex-text!
Missing character: There is no 语 in font [lmroman10-regular]:mapping=tex-text!
Missing character: There is no 言 in font [lmroman10-regular]:mapping=tex-text!
Missing character: There is no ， in font [lmroman10-regular]:mapping=tex-text!
Missing character: There is no 并 in font [lmroman10-regular]:mapping=tex-text!
Missing character: There is no 且 in font [lmroman10-regular]:mapping=tex-text!
Missing character: There is no 活 in font [lmroman10-regular]:mapping=tex-text!
Missing character: There is no 跃 in font [lmroman10-regular]:mapping=tex-text!
Missing character: There is no 于 in font [lmroman10-regular]:mapping=tex-text!
Missing character: There is no 统 in font [lmroman10-regular]:mapping=tex-text!
Missing character: There is no 计 in font [lmroman10-regular]:mapping=tex-text!
Missing character: There is no 之 in font [lmroman10-regular]:mapping=tex-text!
Missing character: There is no 都 in font [lmroman10-regular]:mapping=tex-text!
Missing character: There is no 论 in font [lmroman10-regular]:mapping=tex-text!
Missing character: There is no 坛 in font [lmroman10-regular]:mapping=tex-text!
Missing character: There is no 与 in font [lmroman10-regular]:mapping=tex-text!
Missing character: There is no 经 in font [lmroman10-regular]:mapping=tex-text!
Missing character: There is no 管 in font [lmroman10-regular]:mapping=tex-text!
Missing character: There is no 之 in font [lmroman10-regular]:mapping=tex-text!
Missing character: There is no 家 in font [lmroman10-regular]:mapping=tex-text!
Missing character: There is no ： in font [lmroman10-regular]:mapping=tex-text!
Missing character: There is no 语 in font [lmroman10-regular]:mapping=tex-text!
Missing character: There is no 言 in font [lmroman10-regular]:mapping=tex-text!
Missing character: There is no 论 in font [lmroman10-regular]:mapping=tex-text!
Missing character: There is no 坛 in font [lmroman10-regular]:mapping=tex-text!
Missing character: There is no 论 in font [lmroman10-regular]:mapping=tex-text!
Missing character: There is no 坛 in font [lmroman10-regular]:mapping=tex-text!
Missing character: There is no 俩 in font [lmroman10-regular]:mapping=tex-text!
Missing character: There is no 与 in font [lmroman10-regular]:mapping=tex-text!
Missing character: There is no 中 in font [lmroman10-regular]:mapping=tex-text!
Missing character: There is no 国 in font [lmroman10-regular]:mapping=tex-text!
Missing character: There is no 大 in font [lmroman10-regular]:mapping=tex-text!
Missing character: There is no 陆 in font [lmroman10-regular]:mapping=tex-text!
Missing character: There is no 同 in font [lmroman10-regular]:mapping=tex-text!
Missing character: There is no 胞 in font [lmroman10-regular]:mapping=tex-text!
Missing character: There is no 交 in font [lmroman10-regular]:mapping=tex-text!
Missing character: There is no 流 in font [lmroman10-regular]:mapping=tex-text!
Missing character: There is no ， in font [lmroman10-regular]:mapping=tex-text!
Missing character: There is no 并 in font [lmroman10-regular]:mapping=tex-text!
Missing character: There is no 向 in font [lmroman10-regular]:mapping=tex-text!
Missing character: There is no 前 in font [lmroman10-regular]:mapping=tex-text!
Missing character: There is no 辈 in font [lmroman10-regular]:mapping=tex-text!
Missing character: There is no 高 in font [lmroman10-regular]:mapping=tex-text!
Missing character: There is no 手 in font [lmroman10-regular]:mapping=tex-text!
Missing character: There is no 们 in font [lmroman10-regular]:mapping=tex-text!
Missing character: There is no 学 in font [lmroman10-regular]:mapping=tex-text!
Missing character: There is no 习 in font [lmroman10-regular]:mapping=tex-text!
Missing character: There is no 。 in font [lmroman10-regular]:mapping=tex-text!
Missing character: There is no 前 in font [lmroman10-regular]:mapping=tex-text!
Missing character: There is no 几 in font [lmroman10-regular]:mapping=tex-text!
Missing character: There is no 年 in font [lmroman10-regular]:mapping=tex-text!
Missing character: There is no ， in font [lmroman10-regular]:mapping=tex-text!
Missing character: There is no 偶 in font [lmroman10-regular]:mapping=tex-text!
Missing character: There is no 然 in font [lmroman10-regular]:mapping=tex-text!
Missing character: There is no 发 in font [lmroman10-regular]:mapping=tex-text!
Missing character: There is no 现 in font [lmroman10-regular]:mapping=tex-text!
Missing character: There is no 了 in font [lmroman10-regular]:mapping=tex-text!
Missing character: There is no 个 in font [lmroman10-regular]:mapping=tex-text!
Missing character: There is no 语 in font [lmroman10-regular]:mapping=tex-text!
Missing character: There is no 言 in font [lmroman10-regular]:mapping=tex-text!
Missing character: There is no 的 in font [lmroman10-regular]:mapping=tex-text!
Missing character: There is no 使 in font [lmroman10-regular]:mapping=tex-text!
Missing character: There is no 用 in font [lmroman10-regular]:mapping=tex-text!
Missing character: There is no 者 in font [lmroman10-regular]:mapping=tex-text!
Missing character: There is no 界 in font [lmroman10-regular]:mapping=tex-text!
Missing character: There is no 面 in font [lmroman10-regular]:mapping=tex-text!
Missing character: There is no 后 in font [lmroman10-regular]:mapping=tex-text!
Missing character: There is no ， in font [lmroman10-regular]:mapping=tex-text!
Missing character: There is no 就 in font [lmroman10-regular]:mapping=tex-text!
Missing character: There is no 觉 in font [lmroman10-regular]:mapping=tex-text!
Missing character: There is no 得 in font [lmroman10-regular]:mapping=tex-text!
Missing character: There is no 非 in font [lmroman10-regular]:mapping=tex-text!
Missing character: There is no 常 in font [lmroman10-regular]:mapping=tex-text!
Missing character: There is no 方 in font [lmroman10-regular]:mapping=tex-text!
Missing character: There is no 便 in font [lmroman10-regular]:mapping=tex-text!
Missing character: There is no ， in font [lmroman10-regular]:mapping=tex-text!
Missing character: There is no 然 in font [lmroman10-regular]:mapping=tex-text!
Missing character: There is no 后 in font [lmroman10-regular]:mapping=tex-text!
Missing character: There is no 自 in font [lmroman10-regular]:mapping=tex-text!
Missing character: There is no 学 in font [lmroman10-regular]:mapping=tex-text!
Missing character: There is no 在 in font [lmroman10-regular]:mapping=tex-text!
Missing character: There is no 安 in font [lmroman10-regular]:mapping=tex-text!
Missing character: There is no 装 in font [lmroman10-regular]:mapping=tex-text!
Missing character: There is no 服 in font [lmroman10-regular]:mapping=tex-text!
Missing character: There is no 务 in font [lmroman10-regular]:mapping=tex-text!
Missing character: There is no 器 in font [lmroman10-regular]:mapping=tex-text!
Missing character: There is no 方 in font [lmroman10-regular]:mapping=tex-text!
Missing character: There is no 便 in font [lmroman10-regular]:mapping=tex-text!
Missing character: There is no 随 in font [lmroman10-regular]:mapping=tex-text!
Missing character: There is no 时 in font [lmroman10-regular]:mapping=tex-text!
Missing character: There is no 随 in font [lmroman10-regular]:mapping=tex-text!
Missing character: There is no 地 in font [lmroman10-regular]:mapping=tex-text!
Missing character: There is no ， in font [lmroman10-regular]:mapping=tex-text!
Missing character: There is no 只 in font [lmroman10-regular]:mapping=tex-text!
Missing character: There is no 要 in font [lmroman10-regular]:mapping=tex-text!
Missing character: There is no 可 in font [lmroman10-regular]:mapping=tex-text!
Missing character: There is no 以 in font [lmroman10-regular]:mapping=tex-text!
Missing character: There is no 上 in font [lmroman10-regular]:mapping=tex-text!
Missing character: There is no 网 in font [lmroman10-regular]:mapping=tex-text!
Missing character: There is no 的 in font [lmroman10-regular]:mapping=tex-text!
Missing character: There is no 地 in font [lmroman10-regular]:mapping=tex-text!
Missing character: There is no 方 in font [lmroman10-regular]:mapping=tex-text!
Missing character: There is no 就 in font [lmroman10-regular]:mapping=tex-text!
Missing character: There is no 可 in font [lmroman10-regular]:mapping=tex-text!
Missing character: There is no 以 in font [lmroman10-regular]:mapping=tex-text!
Missing character: There is no 使 in font [lmroman10-regular]:mapping=tex-text!
Missing character: There is no 用 in font [lmroman10-regular]:mapping=tex-text!
Missing character: There is no 。 in font [lmroman10-regular]:mapping=tex-text!
Missing character: There is no 前 in font [lmroman10-regular]:mapping=tex-text!
Missing character: There is no 阵 in font [lmroman10-regular]:mapping=tex-text!
Missing character: There is no 子 in font [lmroman10-regular]:mapping=tex-text!
Missing character: There is no ， in font [lmroman10-regular]:mapping=tex-text!
Missing character: There is no 在 in font [lmroman10-regular]:mapping=tex-text!
Missing character: There is no 下 in font [lmroman10-regular]:mapping=tex-text!
Missing character: There is no 在 in font [lmroman10-regular]:mapping=tex-text!
Missing character: There is no 学 in font [lmroman10-regular]:mapping=tex-text!
Missing character: There is no 习 in font [lmroman10-regular]:mapping=tex-text!
Missing character: There is no 金 in font [lmroman10-regular]:mapping=tex-text!
Missing character: There is no 融 in font [lmroman10-regular]:mapping=tex-text!
Missing character: There is no 交 in font [lmroman10-regular]:mapping=tex-text!
Missing character: There is no 易 in font [lmroman10-regular]:mapping=tex-text!
Missing character: There is no 的 in font [lmroman10-regular]:mapping=tex-text!
Missing character: There is no 时 in font [lmroman10-regular]:mapping=tex-text!
Missing character: There is no 候 in font [lmroman10-regular]:mapping=tex-text!
Missing character: There is no ， in font [lmroman10-regular]:mapping=tex-text!
Missing character: There is no 无 in font [lmroman10-regular]:mapping=tex-text!
Missing character: There is no 意 in font [lmroman10-regular]:mapping=tex-text!
Missing character: There is no 中 in font [lmroman10-regular]:mapping=tex-text!
Missing character: There is no 发 in font [lmroman10-regular]:mapping=tex-text!
Missing character: There is no 现 in font [lmroman10-regular]:mapping=tex-text!
Missing character: There is no 了 in font [lmroman10-regular]:mapping=tex-text!
Missing character: There is no 本 in font [lmroman10-regular]:mapping=tex-text!
Missing character: There is no 非 in font [lmroman10-regular]:mapping=tex-text!
Missing character: There is no 常 in font [lmroman10-regular]:mapping=tex-text!
Missing character: There is no 实 in font [lmroman10-regular]:mapping=tex-text!
Missing character: There is no 用 in font [lmroman10-regular]:mapping=tex-text!
Missing character: There is no 的 in font [lmroman10-regular]:mapping=tex-text!
Missing character: There is no 经 in font [lmroman10-regular]:mapping=tex-text!
Missing character: There is no 验 in font [lmroman10-regular]:mapping=tex-text!
Missing character: There is no 分 in font [lmroman10-regular]:mapping=tex-text!
Missing character: There is no 享 in font [lmroman10-regular]:mapping=tex-text!
Missing character: There is no 书 in font [lmroman10-regular]:mapping=tex-text!
Missing character: There is no 籍 in font [lmroman10-regular]:mapping=tex-text!
Missing character: There is no ， in font [lmroman10-regular]:mapping=tex-text!
Missing character: There is no 笔 in font [lmroman10-regular]:mapping=tex-text!
Missing character: There is no 者 in font [lmroman10-regular]:mapping=tex-text!
Missing character: There is no 在 in font [lmroman10-regular]:mapping=tex-text!
Missing character: There is no 金 in font [lmroman10-regular]:mapping=tex-text!
Missing character: There is no 融 in font [lmroman10-regular]:mapping=tex-text!
Missing character: There is no 交 in font [lmroman10-regular]:mapping=tex-text!
Missing character: There is no 易 in font [lmroman10-regular]:mapping=tex-text!
Missing character: There is no 的 in font [lmroman10-regular]:mapping=tex-text!
Missing character: There is no 解 in font [lmroman10-regular]:mapping=tex-text!
Missing character: There is no 说 in font [lmroman10-regular]:mapping=tex-text!
Missing character: There is no ， in font [lmroman10-regular]:mapping=tex-text!
Missing character: There is no 由 in font [lmroman10-regular]:mapping=tex-text!
Missing character: There is no 入 in font [lmroman10-regular]:mapping=tex-text!
Missing character: There is no 门 in font [lmroman10-regular]:mapping=tex-text!
Missing character: There is no 到 in font [lmroman10-regular]:mapping=tex-text!
Missing character: There is no 精 in font [lmroman10-regular]:mapping=tex-text!
Missing character: There is no 通 in font [lmroman10-regular]:mapping=tex-text!
Missing character: There is no 包 in font [lmroman10-regular]:mapping=tex-text!
Missing character: There is no 括 in font [lmroman10-regular]:mapping=tex-text!
Missing character: There is no 编 in font [lmroman10-regular]:mapping=tex-text!
Missing character: There is no 码 in font [lmroman10-regular]:mapping=tex-text!
Missing character: There is no 分 in font [lmroman10-regular]:mapping=tex-text!
Missing character: There is no 享 in font [lmroman10-regular]:mapping=tex-text!
Missing character: There is no （ in font [lmroman10-regular]:mapping=tex-text!
Missing character: There is no 笔 in font [lmroman10-regular]:mapping=tex-text!
Missing character: There is no 者 in font [lmroman10-regular]:mapping=tex-text!
Missing character: There is no 介 in font [lmroman10-regular]:mapping=tex-text!
Missing character: There is no 绍 in font [lmroman10-regular]:mapping=tex-text!
Missing character: There is no 了 in font [lmroman10-regular]:mapping=tex-text!
Missing character: There is no 语 in font [lmroman10-regular]:mapping=tex-text!
Missing character: There is no 言 in font [lmroman10-regular]:mapping=tex-text!
Missing character: There is no 、 in font [lmroman10-regular]:mapping=tex-text!
Missing character: There is no 、 in font [lmroman10-regular]:mapping=tex-text!
Missing character: There is no 以 in font [lmroman10-regular]:mapping=tex-text!
Missing character: There is no 及 in font [lmroman10-regular]:mapping=tex-text!
Missing character: There is no 比 in font [lmroman10-regular]:mapping=tex-text!
Missing character: There is no 较 in font [lmroman10-regular]:mapping=tex-text!
Missing character: There is no 各 in font [lmroman10-regular]:mapping=tex-text!
Missing character: There is no 优 in font [lmroman10-regular]:mapping=tex-text!
Missing character: There is no 缺 in font [lmroman10-regular]:mapping=tex-text!
Missing character: There is no 点 in font [lmroman10-regular]:mapping=tex-text!
Missing character: There is no ） in font [lmroman10-regular]:mapping=tex-text!
Missing character: There is no ， in font [lmroman10-regular]:mapping=tex-text!
Missing character: There is no 该 in font [lmroman10-regular]:mapping=tex-text!
Missing character: There is no 笔 in font [lmroman10-regular]:mapping=tex-text!
Missing character: There is no 者 in font [lmroman10-regular]:mapping=tex-text!
Missing character: There is no 更 in font [lmroman8-regular]:mapping=tex-text!
Missing character: There is no 多 in font [lmroman8-regular]:mapping=tex-text!
Missing character: There is no 该 in font [lmroman8-regular]:mapping=tex-text!
Missing character: There is no 作 in font [lmroman8-regular]:mapping=tex-text!
Missing character: There is no 者 in font [lmroman8-regular]:mapping=tex-text!
Missing character: There is no 详 in font [lmroman8-regular]:mapping=tex-text!
Missing character: There is no 情 in font [lmroman8-regular]:mapping=tex-text!
Missing character: There is no ， in font [lmroman8-regular]:mapping=tex-text!
Missing character: There is no 请 in font [lmroman8-regular]:mapping=tex-text!
Missing character: There is no 参 in font [lmroman8-regular]:mapping=tex-text!
Missing character: There is no 阅 in font [lmroman8-regular]:mapping=tex-text!
Missing character: There is no 与 in font [lmroman10-regular]:mapping=tex-text!
Missing character: There is no 在 in font [lmroman10-regular]:mapping=tex-text!
Missing character: There is no 下 in font [lmroman10-regular]:mapping=tex-text!
Missing character: There is no 一 in font [lmroman10-regular]:mapping=tex-text!
Missing character: There is no 样 in font [lmroman10-regular]:mapping=tex-text!
Missing character: There is no 以 in font [lmroman10-regular]:mapping=tex-text!
Missing character: There is no 经 in font [lmroman10-regular]:mapping=tex-text!
Missing character: There is no 验 in font [lmroman10-regular]:mapping=tex-text!
Missing character: There is no 分 in font [lmroman10-regular]:mapping=tex-text!
Missing character: There is no 享 in font [lmroman10-regular]:mapping=tex-text!
Missing character: There is no 著 in font [lmroman10-regular]:mapping=tex-text!
Missing character: There is no 书 in font [lmroman10-regular]:mapping=tex-text!
Missing character: There is no 之 in font [lmroman10-regular]:mapping=tex-text!
Missing character: There is no 见 in font [lmroman10-regular]:mapping=tex-text!
Missing character: There is no ， in font [lmroman10-regular]:mapping=tex-text!
Missing character: There is no 在 in font [lmroman10-regular]:mapping=tex-text!
Missing character: There is no 下 in font [lmroman10-regular]:mapping=tex-text!
Missing character: There is no 阅 in font [lmroman10-regular]:mapping=tex-text!
Missing character: There is no 读 in font [lmroman10-regular]:mapping=tex-text!
Missing character: There is no 与 in font [lmroman10-regular]:mapping=tex-text!
Missing character: There is no 学 in font [lmroman10-regular]:mapping=tex-text!
Missing character: There is no 习 in font [lmroman10-regular]:mapping=tex-text!
Missing character: There is no 时 in font [lmroman10-regular]:mapping=tex-text!
Missing character: There is no 深 in font [lmroman10-regular]:mapping=tex-text!
Missing character: There is no 深 in font [lmroman10-regular]:mapping=tex-text!
Missing character: There is no 感 in font [lmroman10-regular]:mapping=tex-text!
Missing character: There is no 受 in font [lmroman10-regular]:mapping=tex-text!
Missing character: There is no 到 in font [lmroman10-regular]:mapping=tex-text!
Missing character: There is no 金 in font [lmroman10-regular]:mapping=tex-text!
Missing character: There is no 融 in font [lmroman10-regular]:mapping=tex-text!
Missing character: There is no 交 in font [lmroman10-regular]:mapping=tex-text!
Missing character: There is no 易 in font [lmroman10-regular]:mapping=tex-text!
Missing character: There is no 的 in font [lmroman10-regular]:mapping=tex-text!
Missing character: There is no 武 in font [lmroman10-regular]:mapping=tex-text!
Missing character: There is no 功 in font [lmroman10-regular]:mapping=tex-text!
Missing character: There is no 秘 in font [lmroman10-regular]:mapping=tex-text!
Missing character: There is no 籍 in font [lmroman10-regular]:mapping=tex-text!
Missing character: There is no （ in font [lmroman10-regular]:mapping=tex-text!
Missing character: There is no 实 in font [lmroman10-regular]:mapping=tex-text!
Missing character: There is no 用 in font [lmroman10-regular]:mapping=tex-text!
Missing character: There is no 教 in font [lmroman10-regular]:mapping=tex-text!
Missing character: There is no 材 in font [lmroman10-regular]:mapping=tex-text!
Missing character: There is no ） in font [lmroman10-regular]:mapping=tex-text!
Missing character: There is no 如 in font [lmroman10-regular]:mapping=tex-text!
Missing character: There is no 兮 in font [lmroman10-regular]:mapping=tex-text!
Missing character: There is no ， in font [lmroman10-regular]:mapping=tex-text!
Missing character: There is no 夫 in font [lmroman10-regular]:mapping=tex-text!
Missing character: There is no 复 in font [lmroman10-regular]:mapping=tex-text!
Missing character: There is no 何 in font [lmroman10-regular]:mapping=tex-text!
Missing character: There is no 求 in font [lmroman10-regular]:mapping=tex-text!
Missing character: There is no 哇 in font [lmroman10-regular]:mapping=tex-text!
Missing character: There is no ！ in font [lmroman10-regular]:mapping=tex-text!
Missing character: There is no 网 in font [lmroman10-regular]:mapping=tex-text!
Missing character: There is no 络 in font [lmroman10-regular]:mapping=tex-text!
Missing character: There is no 课 in font [lmroman10-regular]:mapping=tex-text!
Missing character: There is no 程 in font [lmroman10-regular]:mapping=tex-text!
Missing character: There is no 提 in font [lmroman10-regular]:mapping=tex-text!
Missing character: There is no 供 in font [lmroman10-regular]:mapping=tex-text!
Missing character: There is no 高 in font [lmroman10-regular]:mapping=tex-text!
Missing character: There is no 级 in font [lmroman10-regular]:mapping=tex-text!
Missing character: There is no 语 in font [lmroman10-regular]:mapping=tex-text!
Missing character: There is no 言 in font [lmroman10-regular]:mapping=tex-text!
Missing character: There is no 编 in font [lmroman10-regular]:mapping=tex-text!
Missing character: There is no 程 in font [lmroman10-regular]:mapping=tex-text!
Missing character: There is no 教 in font [lmroman10-regular]:mapping=tex-text!
Missing character: There is no 导 in font [lmroman10-regular]:mapping=tex-text!
Missing character: There is no ， in font [lmroman10-regular]:mapping=tex-text!
Missing character: There is no 倘 in font [lmroman10-regular]:mapping=tex-text!
Missing character: There is no 若 in font [lmroman10-regular]:mapping=tex-text!
Missing character: There is no 有 in font [lmroman10-regular]:mapping=tex-text!
Missing character: There is no 兴 in font [lmroman10-regular]:mapping=tex-text!
Missing character: There is no 趣 in font [lmroman10-regular]:mapping=tex-text!
Missing character: There is no 可 in font [lmroman10-regular]:mapping=tex-text!
Missing character: There is no 以 in font [lmroman10-regular]:mapping=tex-text!
Missing character: There is no 点 in font [lmroman10-regular]:mapping=tex-text!
Missing character: There is no 击 in font [lmroman10-regular]:mapping=tex-text!
Missing character: There is no 该 in font [lmroman10-regular]:mapping=tex-text!
Missing character: There is no 链 in font [lmroman10-regular]:mapping=tex-text!
Missing character: There is no 接 in font [lmroman10-regular]:mapping=tex-text!
Missing character: There is no 报 in font [lmroman10-regular]:mapping=tex-text!
Missing character: There is no 读 in font [lmroman10-regular]:mapping=tex-text!
Missing character: There is no 。 in font [lmroman10-regular]:mapping=tex-text!
Missing character: There is no 在 in font [lmroman10-regular]:mapping=tex-text!
Missing character: There is no 下 in font [lmroman10-regular]:mapping=tex-text!
Missing character: There is no 才 in font [lmroman10-regular]:mapping=tex-text!
Missing character: There is no 疏 in font [lmroman10-regular]:mapping=tex-text!
Missing character: There is no 学 in font [lmroman10-regular]:mapping=tex-text!
Missing character: There is no 浅 in font [lmroman10-regular]:mapping=tex-text!
Missing character: There is no ， in font [lmroman10-regular]:mapping=tex-text!
Missing character: There is no 仅 in font [lmroman10-regular]:mapping=tex-text!
Missing character: There is no 有 in font [lmroman10-regular]:mapping=tex-text!
Missing character: There is no 约 in font [lmroman10-regular]:mapping=tex-text!
Missing character: There is no 翰 in font [lmroman10-regular]:mapping=tex-text!
Missing character: There is no 霍 in font [lmroman10-regular]:mapping=tex-text!
Missing character: There is no 金 in font [lmroman10-regular]:mapping=tex-text!
Missing character: There is no 斯 in font [lmroman10-regular]:mapping=tex-text!
Missing character: There is no 大 in font [lmroman10-regular]:mapping=tex-text!
Missing character: There is no 学 in font [lmroman10-regular]:mapping=tex-text!
Missing character: There is no 数 in font [lmroman10-regular]:mapping=tex-text!
Missing character: There is no 据 in font [lmroman10-regular]:mapping=tex-text!
Missing character: There is no 科 in font [lmroman10-regular]:mapping=tex-text!
Missing character: There is no 学 in font [lmroman10-regular]:mapping=tex-text!
Missing character: There is no 专 in font [lmroman10-regular]:mapping=tex-text!
Missing character: There is no 业 in font [lmroman10-regular]:mapping=tex-text!
Missing character: There is no 文 in font [lmroman10-regular]:mapping=tex-text!
Missing character: There is no 凭 in font [lmroman10-regular]:mapping=tex-text!
Missing character: There is no ， in font [lmroman10-regular]:mapping=tex-text!
Missing character: There is no 倘 in font [lmroman10-regular]:mapping=tex-text!
Missing character: There is no 若 in font [lmroman10-regular]:mapping=tex-text!
Missing character: There is no 有 in font [lmroman10-regular]:mapping=tex-text!
Missing character: There is no 何 in font [lmroman10-regular]:mapping=tex-text!
Missing character: There is no 错 in font [lmroman10-regular]:mapping=tex-text!
Missing character: There is no 误 in font [lmroman10-regular]:mapping=tex-text!
Missing character: There is no 之 in font [lmroman10-regular]:mapping=tex-text!
Missing character: There is no 处 in font [lmroman10-regular]:mapping=tex-text!
Missing character: There is no ， in font [lmroman10-regular]:mapping=tex-text!
Missing character: There is no 涵 in font [lmroman10-regular]:mapping=tex-text!
Missing character: There is no 清 in font [lmroman10-regular]:mapping=tex-text!
Missing character: There is no 多 in font [lmroman10-regular]:mapping=tex-text!
Missing character: There is no 多 in font [lmroman10-regular]:mapping=tex-text!
Missing character: There is no 包 in font [lmroman10-regular]:mapping=tex-text!
Missing character: There is no 涵 in font [lmroman10-regular]:mapping=tex-text!
Missing character: There is no 并 in font [lmroman10-regular]:mapping=tex-text!
Missing character: There is no 指 in font [lmroman10-regular]:mapping=tex-text!
Missing character: There is no 教 in font [lmroman10-regular]:mapping=tex-text!
Missing character: There is no 。 in font [lmroman10-regular]:mapping=tex-text!
Missing character: There is no 此 in font [lmroman10-regular]:mapping=tex-text!
Missing character: There is no 书 in font [lmroman10-regular]:mapping=tex-text!
Missing character: There is no 乃 in font [lmroman10-regular]:mapping=tex-text!
Missing character: There is no 个 in font [lmroman10-regular]:mapping=tex-text!
Missing character: There is no 人 in font [lmroman10-regular]:mapping=tex-text!
Missing character: There is no 经 in font [lmroman10-regular]:mapping=tex-text!
Missing character: There is no 验 in font [lmroman10-regular]:mapping=tex-text!
Missing character: There is no 之 in font [lmroman10-regular]:mapping=tex-text!
Missing character: There is no 谈 in font [lmroman10-regular]:mapping=tex-text!
Missing character: There is no 。 in font [lmroman10-regular]:mapping=tex-text!
Missing character: There is no 希 in font [lmroman10-regular]:mapping=tex-text!
Missing character: There is no 望 in font [lmroman10-regular]:mapping=tex-text!
Missing character: There is no 在 in font [lmroman10-regular]:mapping=tex-text!
Missing character: There is no 同 in font [lmroman10-regular]:mapping=tex-text!
Missing character: There is no 感 in font [lmroman10-regular]:mapping=tex-text!
Missing character: There is no 身 in font [lmroman10-regular]:mapping=tex-text!
Missing character: There is no 受 in font [lmroman10-regular]:mapping=tex-text!
Missing character: There is no 与 in font [lmroman10-regular]:mapping=tex-text!
Missing character: There is no 共 in font [lmroman10-regular]:mapping=tex-text!
Missing character: There is no 而 in font [lmroman10-regular]:mapping=tex-text!
Missing character: There is no 勉 in font [lmroman10-regular]:mapping=tex-text!
Missing character: There is no 之 in font [lmroman10-regular]:mapping=tex-text!
Missing character: There is no 的 in font [lmroman10-regular]:mapping=tex-text!
Missing character: There is no 情 in font [lmroman10-regular]:mapping=tex-text!
Missing character: There is no 况 in font [lmroman10-regular]:mapping=tex-text!
Missing character: There is no 之 in font [lmroman10-regular]:mapping=tex-text!
Missing character: There is no 下 in font [lmroman10-regular]:mapping=tex-text!
Missing character: There is no ， in font [lmroman10-regular]:mapping=tex-text!
Missing character: There is no 热 in font [lmroman10-regular]:mapping=tex-text!
Missing character: There is no 衷 in font [lmroman10-regular]:mapping=tex-text!
Missing character: There is no 于 in font [lmroman10-regular]:mapping=tex-text!
Missing character: There is no 金 in font [lmroman10-regular]:mapping=tex-text!
Missing character: There is no 融 in font [lmroman10-regular]:mapping=tex-text!
Missing character: There is no 与 in font [lmroman10-regular]:mapping=tex-text!
Missing character: There is no 体 in font [lmroman10-regular]:mapping=tex-text!
Missing character: There is no 彩 in font [lmroman10-regular]:mapping=tex-text!
Missing character: There is no 行 in font [lmroman10-regular]:mapping=tex-text!
Missing character: There is no 业 in font [lmroman10-regular]:mapping=tex-text!
Missing character: There is no 的 in font [lmroman10-regular]:mapping=tex-text!
Missing character: There is no 学 in font [lmroman10-regular]:mapping=tex-text!
Missing character: There is no 者 in font [lmroman10-regular]:mapping=tex-text!
Missing character: There is no 们 in font [lmroman10-regular]:mapping=tex-text!
Missing character: There is no 可 in font [lmroman10-regular]:mapping=tex-text!
Missing character: There is no 以 in font [lmroman10-regular]:mapping=tex-text!
Missing character: There is no 容 in font [lmroman10-regular]:mapping=tex-text!
Missing character: There is no 易 in font [lmroman10-regular]:mapping=tex-text!
Missing character: There is no 着 in font [lmroman10-regular]:mapping=tex-text!
Missing character: There is no 手 in font [lmroman10-regular]:mapping=tex-text!
Missing character: There is no 。 in font [lmroman10-regular]:mapping=tex-text!
Missing character: There is no 有 in font [lmroman10-regular]:mapping=tex-text!
Missing character: There is no 关 in font [lmroman10-regular]:mapping=tex-text!
Missing character: There is no 如 in font [lmroman10-regular]:mapping=tex-text!
Missing character: There is no 何 in font [lmroman10-regular]:mapping=tex-text!
Missing character: There is no 辑 in font [lmroman10-regular]:mapping=tex-text!
Missing character: There is no 写 in font [lmroman10-regular]:mapping=tex-text!
LaTeX Font Info:    Try loading font information for EU1+lmtt on input line 176
.
("C:\Program Files\MiKTeX 2.9\tex\latex\euenc\eu1lmtt.fd"
File: eu1lmtt.fd 2009/10/30 v1.6 Font defs for Latin Modern
)
Missing character: There is no 网 in font [lmroman10-regular]:mapping=tex-text!
Missing character: There is no 络 in font [lmroman10-regular]:mapping=tex-text!
Missing character: There is no 书 in font [lmroman10-regular]:mapping=tex-text!
Missing character: There is no 籍 in font [lmroman10-regular]:mapping=tex-text!
Missing character: There is no ， in font [lmroman10-regular]:mapping=tex-text!
Missing character: There is no 请 in font [lmroman10-regular]:mapping=tex-text!
Missing character: There is no 参 in font [lmroman10-regular]:mapping=tex-text!
Missing character: There is no 阅 in font [lmroman10-regular]:mapping=tex-text!
Missing character: There is no 。 in font [lmroman10-regular]:mapping=tex-text!
Missing character: There is no 個 in font [lmroman10-bold]:mapping=tex-text!
Missing character: There is no 人 in font [lmroman10-bold]:mapping=tex-text!
Missing character: There is no の in font [lmroman10-bold]:mapping=tex-text!
Missing character: There is no 経 in font [lmroman10-bold]:mapping=tex-text!
Missing character: There is no 営 in font [lmroman10-bold]:mapping=tex-text!
Missing character: There is no 企 in font [lmroman10-bold]:mapping=tex-text!
Missing character: There is no 業 in font [lmroman10-bold]:mapping=tex-text!
[5]
Missing character: There is no 前 in font [lmromanslant10-regular]:mapping=tex-t
ext!
Missing character: There is no 言 in font [lmromanslant10-regular]:mapping=tex-t
ext!
[6

]
Chapter 2.
Missing character: There is no 介 in font [lmroman12-bold]:mapping=tex-text!
Missing character: There is no 绍 in font [lmroman12-bold]:mapping=tex-text!

LaTeX Warning: Reference `intro' on page 7 undefined on input line 187.


LaTeX Warning: Reference `analytics' on page 7 undefined on input line 189.

LaTeX Font Info:    Font shape `EU1/lmtt/bx/n' in size <10> not available
(Font)              Font shape `EU1/lmtt/b/n' tried instead on input line 196.
File: data-analysis_files/figure-latex/nice-fig-1.pdf Graphic file (type QTm)
<use  "data-analysis_files/figure-latex/nice-fig-1.pdf" >

LaTeX Warning: Reference `fig:nice-fig' on page 7 undefined on input line 211.


LaTeX Warning: Reference `tab:nice-tab' on page 7 undefined on input line 213.


Package natbib Warning: Citation `R-bookdown' on page 7 undefined on input line
 260.


Package natbib Warning: Citation `xie2015' on page 7 undefined on input line 26
1.

Missing character: There is no 语 in font [lmroman12-bold]:mapping=tex-text!
Missing character: There is no 言 in font [lmroman12-bold]:mapping=tex-text!
Missing character: There is no 与 in font [lmroman12-bold]:mapping=tex-text!
Missing character: There is no 应 in font [lmroman12-bold]:mapping=tex-text!
Missing character: There is no 用 in font [lmroman12-bold]:mapping=tex-text!
Missing character: There is no 调 in font [lmroman12-bold]:mapping=tex-text!
Missing character: There is no 用 in font [lmroman12-bold]:mapping=tex-text!
Missing character: There is no 其 in font [lmroman12-bold]:mapping=tex-text!
Missing character: There is no 它 in font [lmroman12-bold]:mapping=tex-text!
Missing character: There is no 语 in font [lmroman12-bold]:mapping=tex-text!
Missing character: There is no 言 in font [lmroman12-bold]:mapping=tex-text!
Missing character: There is no 程 in font [lmroman12-bold]:mapping=tex-text!
Missing character: There is no 序 in font [lmroman12-bold]:mapping=tex-text!
Missing character: There is no 個 in font [lmroman10-bold]:mapping=tex-text!
Missing character: There is no 人 in font [lmroman10-bold]:mapping=tex-text!
Missing character: There is no の in font [lmroman10-bold]:mapping=tex-text!
Missing character: There is no 経 in font [lmroman10-bold]:mapping=tex-text!
Missing character: There is no 営 in font [lmroman10-bold]:mapping=tex-text!
Missing character: There is no 企 in font [lmroman10-bold]:mapping=tex-text!
Missing character: There is no 業 in font [lmroman10-bold]:mapping=tex-text!
[7]
Missing character: There is no 介 in font [lmromanslant10-regular]:mapping=tex-t
ext!
Missing character: There is no 绍 in font [lmromanslant10-regular]:mapping=tex-t
ext!
[8]
Chapter 3.
Missing character: There is no 数 in font [lmroman12-bold]:mapping=tex-text!
Missing character: There is no 据 in font [lmroman12-bold]:mapping=tex-text!
Missing character: There is no 分 in font [lmroman12-bold]:mapping=tex-text!
Missing character: There is no 析 in font [lmroman12-bold]:mapping=tex-text!
Missing character: There is no 读 in font [lmroman12-bold]:mapping=tex-text!
Missing character: There is no 存 in font [lmroman12-bold]:mapping=tex-text!
Missing character: There is no 数 in font [lmroman12-bold]:mapping=tex-text!
Missing character: There is no 据 in font [lmroman12-bold]:mapping=tex-text!
Missing character: There is no 本 in font [lmroman12-bold]:mapping=tex-text!
Missing character: There is no 地 in font [lmroman12-bold]:mapping=tex-text!
Missing character: There is no 文 in font [lmroman12-bold]:mapping=tex-text!
Missing character: There is no 件 in font [lmroman12-bold]:mapping=tex-text!
Missing character: There is no 外 in font [lmroman12-bold]:mapping=tex-text!
Missing character: There is no 来 in font [lmroman12-bold]:mapping=tex-text!
Missing character: There is no 文 in font [lmroman12-bold]:mapping=tex-text!
Missing character: There is no 件 in font [lmroman12-bold]:mapping=tex-text!

Package longtable Warning: Column widths have changed
(longtable)                in table 3.1 on input line 304.

Missing character: There is no 在 in font [lmroman10-regular]:mapping=tex-text!
Missing character: There is no 中 in font [lmroman10-regular]:mapping=tex-text!
Missing character: There is no 读 in font [lmroman10-regular]:mapping=tex-text!
Missing character: There is no 取 in font [lmroman10-regular]:mapping=tex-text!
Missing character: There is no 数 in font [lmroman10-regular]:mapping=tex-text!
Missing character: There is no 据 in font [lmroman10-regular]:mapping=tex-text!
Missing character: There is no 采 in font [lmroman12-bold]:mapping=tex-text!
Missing character: There is no 集 in font [lmroman12-bold]:mapping=tex-text!
Missing character: There is no 网 in font [lmroman12-bold]:mapping=tex-text!
Missing character: There is no 络 in font [lmroman12-bold]:mapping=tex-text!
Missing character: There is no 数 in font [lmroman12-bold]:mapping=tex-text!
Missing character: There is no 据 in font [lmroman12-bold]:mapping=tex-text!
Missing character: There is no 普 in font [lmroman12-bold]:mapping=tex-text!
Missing character: There is no 通 in font [lmroman12-bold]:mapping=tex-text!
Missing character: There is no 采 in font [lmroman12-bold]:mapping=tex-text!
Missing character: There is no 集 in font [lmroman12-bold]:mapping=tex-text!
Missing character: There is no 接 in font [lmroman12-bold]:mapping=tex-text!
Missing character: There is no 口 in font [lmroman12-bold]:mapping=tex-text!
Missing character: There is no 数 in font [lmroman12-bold]:mapping=tex-text!
Missing character: There is no 据 in font [lmroman12-bold]:mapping=tex-text!
Missing character: There is no 处 in font [lmroman12-bold]:mapping=tex-text!
Missing character: There is no 理 in font [lmroman12-bold]:mapping=tex-text!
Missing character: There is no 文 in font [lmroman12-bold]:mapping=tex-text!
Missing character: There is no 字 in font [lmroman12-bold]:mapping=tex-text!
Missing character: There is no 与 in font [lmroman12-bold]:mapping=tex-text!
Missing character: There is no 数 in font [lmroman12-bold]:mapping=tex-text!
Missing character: There is no 字 in font [lmroman12-bold]:mapping=tex-text!
! Undefined control sequence.
<recently read> \w 
                   
l.336 \w
         & A Word\tabularnewline 
Here is how much of TeX's memory you used:
 25268 strings out of 428408
 439822 string characters out of 3160624
 501495 words of memory out of 3000000
 28435 multiletter control sequences out of 15000+200000
 24426 words of font info for 60 fonts, out of 3000000 for 9000
 1328 hyphenation exceptions out of 8191
 52i,8n,68p,10413b,369s stack positions out of 5000i,500n,10000p,200000b,50000s

Output written on data-analysis.pdf (8 pages).
